[2022-08-03 12:14:16.462] [DEBUG]   - Using io.vertx.core.logging.SLF4JLogDelegateFactory
[2022-08-03 12:14:16.499] [DEBUG] io.netty.util.internal.logging.InternalLoggerFactory.useSlf4JLoggerFactory(InternalLoggerFactory.java:63)  - Using SLF4J as the default logging framework
[2022-08-03 12:14:16.504] [DEBUG] io.netty.util.internal.PlatformDependent0.explicitNoUnsafeCause0(PlatformDependent0.java:495)  - -Dio.netty.noUnsafe: false
[2022-08-03 12:14:16.504] [DEBUG] io.netty.util.internal.PlatformDependent0.javaVersion0(PlatformDependent0.java:998)  - Java version: 8
[2022-08-03 12:14:16.505] [DEBUG] io.netty.util.internal.PlatformDependent0.<clinit>(PlatformDependent0.java:136)  - sun.misc.Unsafe.theUnsafe: available
[2022-08-03 12:14:16.506] [DEBUG] io.netty.util.internal.PlatformDependent0.<clinit>(PlatformDependent0.java:160)  - sun.misc.Unsafe.copyMemory: available
[2022-08-03 12:14:16.506] [DEBUG] io.netty.util.internal.PlatformDependent0.<clinit>(PlatformDependent0.java:192)  - sun.misc.Unsafe.storeFence: available
[2022-08-03 12:14:16.507] [DEBUG] io.netty.util.internal.PlatformDependent0.<clinit>(PlatformDependent0.java:235)  - java.nio.Buffer.address: available
[2022-08-03 12:14:16.507] [DEBUG] io.netty.util.internal.PlatformDependent0.<clinit>(PlatformDependent0.java:306)  - direct buffer constructor: available
[2022-08-03 12:14:16.508] [DEBUG] io.netty.util.internal.PlatformDependent0.<clinit>(PlatformDependent0.java:384)  - java.nio.Bits.unaligned: available, true
[2022-08-03 12:14:16.508] [DEBUG] io.netty.util.internal.PlatformDependent0.<clinit>(PlatformDependent0.java:458)  - jdk.internal.misc.Unsafe.allocateUninitializedArray(int): unavailable prior to Java9
[2022-08-03 12:14:16.508] [DEBUG] io.netty.util.internal.PlatformDependent0.<clinit>(PlatformDependent0.java:481)  - java.nio.DirectByteBuffer.<init>(long, int): available
[2022-08-03 12:14:16.508] [DEBUG] io.netty.util.internal.PlatformDependent.unsafeUnavailabilityCause0(PlatformDependent.java:1120)  - sun.misc.Unsafe: available
[2022-08-03 12:14:16.509] [DEBUG] io.netty.util.internal.PlatformDependent.tmpdir0(PlatformDependent.java:1250)  - -Dio.netty.tmpdir: C:\Users\Lenovo\AppData\Local\Temp (java.io.tmpdir)
[2022-08-03 12:14:16.509] [DEBUG] io.netty.util.internal.PlatformDependent.bitMode0(PlatformDependent.java:1329)  - -Dio.netty.bitMode: 64 (sun.arch.data.model)
[2022-08-03 12:14:16.510] [DEBUG] io.netty.util.internal.PlatformDependent.isWindows0(PlatformDependent.java:1080)  - Platform: Windows
[2022-08-03 12:14:16.511] [DEBUG] io.netty.util.internal.PlatformDependent.<clinit>(PlatformDependent.java:178)  - -Dio.netty.maxDirectMemory: 3784310784 bytes
[2022-08-03 12:14:16.511] [DEBUG] io.netty.util.internal.PlatformDependent.<clinit>(PlatformDependent.java:185)  - -Dio.netty.uninitializedArrayAllocationThreshold: -1
[2022-08-03 12:14:16.512] [DEBUG] io.netty.util.internal.CleanerJava6.<clinit>(CleanerJava6.java:92)  - java.nio.ByteBuffer.cleaner(): available
[2022-08-03 12:14:16.512] [DEBUG] io.netty.util.internal.PlatformDependent.<clinit>(PlatformDependent.java:205)  - -Dio.netty.noPreferDirect: false
[2022-08-03 12:14:16.530] [DEBUG] io.netty.util.ResourceLeakDetector.<clinit>(ResourceLeakDetector.java:129)  - -Dio.netty.leakDetection.level: simple
[2022-08-03 12:14:16.530] [DEBUG] io.netty.util.ResourceLeakDetector.<clinit>(ResourceLeakDetector.java:130)  - -Dio.netty.leakDetection.targetRecords: 4
[2022-08-03 12:14:16.590] [DEBUG] io.netty.channel.MultithreadEventLoopGroup.<clinit>(MultithreadEventLoopGroup.java:44)  - -Dio.netty.eventLoopThreads: 24
[2022-08-03 12:14:16.608] [DEBUG] io.netty.util.internal.InternalThreadLocalMap.<clinit>(InternalThreadLocalMap.java:86)  - -Dio.netty.threadLocalMap.stringBuilder.initialSize: 1024
[2022-08-03 12:14:16.608] [DEBUG] io.netty.util.internal.InternalThreadLocalMap.<clinit>(InternalThreadLocalMap.java:89)  - -Dio.netty.threadLocalMap.stringBuilder.maxSize: 4096
[2022-08-03 12:14:16.616] [DEBUG] io.netty.channel.nio.NioEventLoop.<clinit>(NioEventLoop.java:109)  - -Dio.netty.noKeySetOptimization: false
[2022-08-03 12:14:16.616] [DEBUG] io.netty.channel.nio.NioEventLoop.<clinit>(NioEventLoop.java:110)  - -Dio.netty.selectorAutoRebuildThreshold: 512
[2022-08-03 12:14:16.622] [DEBUG] io.netty.util.internal.PlatformDependent$Mpsc.<clinit>(PlatformDependent.java:971)  - org.jctools-core.MpscChunkedArrayQueue: available
[2022-08-03 12:14:16.667] [DEBUG] io.netty.resolver.dns.DefaultDnsServerAddressStreamProvider.<clinit>(DefaultDnsServerAddressStreamProvider.java:80)  - Default DNS servers: [/150.202.1.2:53, /223.5.5.5:53, /223.6.6.6:53] (sun.net.dns.ResolverConfiguration)
[2022-08-03 12:14:16.687] [DEBUG] io.netty.util.NetUtil.<clinit>(NetUtil.java:136)  - -Djava.net.preferIPv4Stack: false
[2022-08-03 12:14:16.688] [DEBUG] io.netty.util.NetUtil.<clinit>(NetUtil.java:137)  - -Djava.net.preferIPv6Addresses: false
[2022-08-03 12:14:16.954] [DEBUG] io.netty.util.NetUtilInitializations.determineLoopback(NetUtilInitializations.java:129)  - Loopback interface: lo (Software Loopback Interface 1, 127.0.0.1)
[2022-08-03 12:14:16.957] [DEBUG] io.netty.util.NetUtil$SoMaxConnAction.run(NetUtil.java:191)  - Failed to get SOMAXCONN from sysctl and file \proc\sys\net\core\somaxconn. Default: 200
[2022-08-03 12:14:17.222] [DEBUG] io.netty.resolver.DefaultHostsFileEntriesResolver.<clinit>(DefaultHostsFileEntriesResolver.java:53)  - -Dio.netty.hostsFileRefreshInterval: 0
[2022-08-03 12:14:17.259] [INFO ] github.zimoyin.core.live.massage.vertx.TcpVerticle.start(TcpVerticle.java:74)  - 实例化了一个 Verticle
[2022-08-03 12:14:17.297] [DEBUG] io.netty.channel.DefaultChannelId.<clinit>(DefaultChannelId.java:79)  - -Dio.netty.processId: 28488 (auto-detected)
[2022-08-03 12:14:17.575] [DEBUG] io.netty.channel.DefaultChannelId.<clinit>(DefaultChannelId.java:101)  - -Dio.netty.machineId: c4:75:ab:ff:fe:56:b2:83 (auto-detected)
[2022-08-03 12:14:17.608] [DEBUG] io.netty.buffer.PooledByteBufAllocator.<clinit>(PooledByteBufAllocator.java:157)  - -Dio.netty.allocator.numHeapArenas: 24
[2022-08-03 12:14:17.608] [DEBUG] io.netty.buffer.PooledByteBufAllocator.<clinit>(PooledByteBufAllocator.java:158)  - -Dio.netty.allocator.numDirectArenas: 24
[2022-08-03 12:14:17.608] [DEBUG] io.netty.buffer.PooledByteBufAllocator.<clinit>(PooledByteBufAllocator.java:160)  - -Dio.netty.allocator.pageSize: 8192
[2022-08-03 12:14:17.608] [DEBUG] io.netty.buffer.PooledByteBufAllocator.<clinit>(PooledByteBufAllocator.java:165)  - -Dio.netty.allocator.maxOrder: 9
[2022-08-03 12:14:17.608] [DEBUG] io.netty.buffer.PooledByteBufAllocator.<clinit>(PooledByteBufAllocator.java:169)  - -Dio.netty.allocator.chunkSize: 4194304
[2022-08-03 12:14:17.609] [DEBUG] io.netty.buffer.PooledByteBufAllocator.<clinit>(PooledByteBufAllocator.java:170)  - -Dio.netty.allocator.smallCacheSize: 256
[2022-08-03 12:14:17.609] [DEBUG] io.netty.buffer.PooledByteBufAllocator.<clinit>(PooledByteBufAllocator.java:171)  - -Dio.netty.allocator.normalCacheSize: 64
[2022-08-03 12:14:17.609] [DEBUG] io.netty.buffer.PooledByteBufAllocator.<clinit>(PooledByteBufAllocator.java:172)  - -Dio.netty.allocator.maxCachedBufferCapacity: 32768
[2022-08-03 12:14:17.609] [DEBUG] io.netty.buffer.PooledByteBufAllocator.<clinit>(PooledByteBufAllocator.java:173)  - -Dio.netty.allocator.cacheTrimInterval: 8192
[2022-08-03 12:14:17.609] [DEBUG] io.netty.buffer.PooledByteBufAllocator.<clinit>(PooledByteBufAllocator.java:174)  - -Dio.netty.allocator.cacheTrimIntervalMillis: 0
[2022-08-03 12:14:17.610] [DEBUG] io.netty.buffer.PooledByteBufAllocator.<clinit>(PooledByteBufAllocator.java:175)  - -Dio.netty.allocator.useCacheForAllThreads: false
[2022-08-03 12:14:17.610] [DEBUG] io.netty.buffer.PooledByteBufAllocator.<clinit>(PooledByteBufAllocator.java:176)  - -Dio.netty.allocator.maxCachedByteBuffersPerChunk: 1023
[2022-08-03 12:14:17.621] [DEBUG] io.netty.buffer.ByteBufUtil.<clinit>(ByteBufUtil.java:87)  - -Dio.netty.allocator.type: pooled
[2022-08-03 12:14:17.621] [DEBUG] io.netty.buffer.ByteBufUtil.<clinit>(ByteBufUtil.java:96)  - -Dio.netty.threadLocalDirectBufferSize: 0
[2022-08-03 12:14:17.622] [DEBUG] io.netty.buffer.ByteBufUtil.<clinit>(ByteBufUtil.java:99)  - -Dio.netty.maxThreadLocalCharBufferSize: 16384
[2022-08-03 12:14:17.646] [DEBUG] io.netty.util.ResourceLeakDetectorFactory$DefaultResourceLeakDetectorFactory.newResourceLeakDetector(ResourceLeakDetectorFactory.java:196)  - Loaded default ResourceLeakDetector: io.netty.util.ResourceLeakDetector@52c5c97b
[2022-08-03 12:14:17.654] [DEBUG] io.netty.resolver.dns.DnsQueryContext.query(DnsQueryContext.java:133)  - [id: 0xaa566d59] WRITE: UDP, [38114: /150.202.1.2:53], DefaultDnsQuestion(hw-gz-live-comet-04.chat.bilibili.com. IN A)
[2022-08-03 12:14:17.659] [DEBUG] io.netty.util.Recycler.<clinit>(Recycler.java:85)  - -Dio.netty.recycler.maxCapacityPerThread: 4096
[2022-08-03 12:14:17.659] [DEBUG] io.netty.util.Recycler.<clinit>(Recycler.java:86)  - -Dio.netty.recycler.ratio: 8
[2022-08-03 12:14:17.659] [DEBUG] io.netty.util.Recycler.<clinit>(Recycler.java:87)  - -Dio.netty.recycler.chunkSize: 32
[2022-08-03 12:14:17.660] [DEBUG] io.netty.util.Recycler.<clinit>(Recycler.java:88)  - -Dio.netty.recycler.blocking: false
[2022-08-03 12:14:17.666] [DEBUG] io.netty.buffer.AbstractByteBuf.<clinit>(AbstractByteBuf.java:63)  - -Dio.netty.buffer.checkAccessible: true
[2022-08-03 12:14:17.666] [DEBUG] io.netty.buffer.AbstractByteBuf.<clinit>(AbstractByteBuf.java:64)  - -Dio.netty.buffer.checkBounds: true
[2022-08-03 12:14:17.667] [DEBUG] io.netty.util.ResourceLeakDetectorFactory$DefaultResourceLeakDetectorFactory.newResourceLeakDetector(ResourceLeakDetectorFactory.java:196)  - Loaded default ResourceLeakDetector: io.netty.util.ResourceLeakDetector@4a4b7fd7
[2022-08-03 12:14:22.680] [DEBUG] io.netty.resolver.dns.DnsQueryContext.query(DnsQueryContext.java:133)  - [id: 0xaa566d59] WRITE: UDP, [39817: /223.5.5.5:53], DefaultDnsQuestion(hw-gz-live-comet-04.chat.bilibili.com. IN A)
[2022-08-03 12:14:22.704] [DEBUG] io.netty.resolver.dns.DnsNameResolver$DnsResponseHandler.channelRead(DnsNameResolver.java:1302)  - [id: 0xaa566d59] RECEIVED: UDP [39817: /223.5.5.5:53], DatagramDnsResponse(from: /223.5.5.5:53, to: /0:0:0:0:0:0:0:0:64461, 39817, QUERY(0), NoError(0), RD RA)
	DefaultDnsQuestion(hw-gz-live-comet-04.chat.bilibili.com. IN A)
	DefaultDnsRawRecord(hw-gz-live-comet-04.chat.bilibili.com. 1 IN A 4B)
[2022-08-03 12:14:22.768] [INFO ] github.zimoyin.core.live.massage.vertx.TcpVerticle.successHandle(TcpVerticle.java:95)  - 成功启动了一个 TCP 客户端在 hw-gz-live-comet-04.chat.bilibili.com:2243
[2022-08-03 12:14:22.769] [INFO ] github.zimoyin.core.live.massage.vertx.TcpVerticle.successHandle(TcpVerticle.java:96)  - 直播间ID :5050
[2022-08-03 12:14:22.790] [DEBUG] github.zimoyin.core.live.massage.vertx.TcpVerticle.successHandle(TcpVerticle.java:107)  - 客户端发送信息体: {"uid":0,"protover":2,"key":"YncVUF2H9ruebgqJ15EQ0QrhZR1L_6H1GEKXLdphaqAXaAZIQ5Z-GGtREDQtmjraZV2-S1_hWZy1wQ6OdkCzEyJRNYCVdbR1BQb8BTrS-lGKvFB3pMNbG9VEMfa3mG0947jorsWDKwn6-nE=","roomid":5050,"platform":"web"}
[2022-08-03 12:14:22.791] [INFO ] github.zimoyin.core.live.massage.vertx.TcpVerticle.lambda$sendHeatLoop$2(TcpVerticle.java:295)  - 心跳开始发送
[2022-08-03 12:14:22.838] [DEBUG] github.zimoyin.core.live.massage.vertx.TcpVerticle.lambda$completeHandle$0(TcpVerticle.java:133)  - 服务器响应实际长度 26 byte
[2022-08-03 12:14:22.838] [DEBUG] github.zimoyin.core.live.massage.vertx.TcpVerticle.lambda$completeHandle$0(TcpVerticle.java:134)  - Header{pageSize=26, headerSize=16, version=2, code=8, sequence=0}
[2022-08-03 12:14:25.782] [DEBUG] github.zimoyin.core.live.massage.vertx.TcpVerticle.lambda$completeHandle$0(TcpVerticle.java:133)  - 服务器响应实际长度 159 byte
[2022-08-03 12:14:25.782] [DEBUG] github.zimoyin.core.live.massage.vertx.TcpVerticle.lambda$completeHandle$0(TcpVerticle.java:134)  - Header{pageSize=159, headerSize=16, version=2, code=5, sequence=0}
[2022-08-03 12:14:25.783] [DEBUG] github.zimoyin.core.live.massage.vertx.TcpVerticle.analyzeData(TcpVerticle.java:267)  - msg: {"cmd":"WATCHED_CHANGE","data":{"num":823,"text_small":"823","text_large":"823人看过"}}
[2022-08-03 12:14:25.783] [DEBUG] github.zimoyin.core.live.massage.vertx.TcpVerticle.analyzeData(TcpVerticle.java:267)  - msg: {"cmd":"ONLINE_RANK_COUNT","data":{"count":4882}}
[2022-08-03 12:14:29.668] [DEBUG] github.zimoyin.core.live.massage.vertx.TcpVerticle.lambda$completeHandle$0(TcpVerticle.java:133)  - 服务器响应实际长度 952 byte
[2022-08-03 12:14:29.669] [DEBUG] github.zimoyin.core.live.massage.vertx.TcpVerticle.lambda$completeHandle$0(TcpVerticle.java:134)  - Header{pageSize=952, headerSize=16, version=0, code=5, sequence=0}
[2022-08-03 12:14:29.670] [DEBUG] github.zimoyin.core.live.massage.vertx.TcpVerticle.analyzeData(TcpVerticle.java:267)  - msg: {"cmd":"STOP_LIVE_ROOM_LIST","data":{"room_id_list":[24192472,25546824,24839327,14249290,24192275,25327430,6419694,184761,23749019,5091172,22389584,4178580,24014510,3695327,8537818,24722432,25523901,587804,7669812,24566474,24759478,25655773,24258158,24782039,25637116,23217962,24819731,25548705,3852362,21186961,22333673,2512936,4769362,21298121,23005924,24494872,24830987,21824973,2313598,24837373,22440198,9797573,24600427,24958563,25065367,23991619,25292095,24112676,24912848,25075199,25632692,6171894,1813428,24942360,25222943,25446161,270519,8137455,14837240,22736988,23693822,24942134,25655511,3529186,430998,1865085,24485326,10454497,23318697,24114951,24923650,25655719,22779908,24226829,22685658,23044971,25503225,5655301,9053508,25644010,70763,12836430,21676319,25298121,25654334,25655774,6489872,650484,25655207,23553315,23733721,21237387,24832261,25526626,22027193,25507863,3184459,8031190,21555296,25008324,6846259,173217]}}
[2022-08-03 12:14:30.798] [DEBUG] github.zimoyin.core.live.massage.vertx.TcpVerticle.lambda$sendHeatLoop$2(TcpVerticle.java:303)  - 发送心跳
[2022-08-03 12:14:30.843] [DEBUG] github.zimoyin.core.live.massage.vertx.TcpVerticle.lambda$completeHandle$0(TcpVerticle.java:133)  - 服务器响应实际长度 20 byte
[2022-08-03 12:14:30.843] [DEBUG] github.zimoyin.core.live.massage.vertx.TcpVerticle.lambda$completeHandle$0(TcpVerticle.java:134)  - Header{pageSize=20, headerSize=16, version=2, code=3, sequence=0}
[2022-08-03 12:14:30.844] [DEBUG] github.zimoyin.core.live.massage.vertx.TcpVerticle.analyzeData(TcpVerticle.java:253)  - 人气：1
[2022-08-03 12:14:31.366] [DEBUG] github.zimoyin.core.live.massage.vertx.TcpVerticle.lambda$completeHandle$0(TcpVerticle.java:133)  - 服务器响应实际长度 567 byte
[2022-08-03 12:14:31.366] [DEBUG] github.zimoyin.core.live.massage.vertx.TcpVerticle.lambda$completeHandle$0(TcpVerticle.java:134)  - Header{pageSize=567, headerSize=16, version=2, code=5, sequence=0}
[2022-08-03 12:14:31.367] [DEBUG] github.zimoyin.core.live.massage.vertx.TcpVerticle.analyzeData(TcpVerticle.java:267)  - msg: {"cmd":"INTERACT_WORD","data":{"contribution":{"grade":0},"dmscore":18,"fans_medal":{"anchor_roomid":5050,"guard_level":0,"icon_id":0,"is_lighted":1,"medal_color":13081892,"medal_color_border":13081892,"medal_color_end":13081892,"medal_color_start":13081892,"medal_level":19,"medal_name":"大母鹅","score":609648,"special":"","target_id":433351},"identities":[3,1],"is_spread":0,"msg_type":1,"privilege_type":0,"roomid":5050,"score":1660119717697,"spread_desc":"","spread_info":"","tail_icon":0,"timestamp":1659500069,"trigger_time":1659500068641421000,"uid":199822623,"uname":"魔法少女朱利安","uname_color":""}}
[2022-08-03 12:14:31.367] [DEBUG] github.zimoyin.core.live.massage.vertx.TcpVerticle.analyzeData(TcpVerticle.java:267)  - msg: {"cmd":"INTERACT_WORD","data":{"contribution":{"grade":0},"dmscore":2,"fans_medal":{"anchor_roomid":0,"guard_level":0,"icon_id":0,"is_lighted":0,"medal_color":0,"medal_color_border":0,"medal_color_end":0,"medal_color_start":0,"medal_level":0,"medal_name":"","score":0,"special":"","target_id":0},"identities":[1],"is_spread":0,"msg_type":1,"privilege_type":0,"roomid":5050,"score":1659500069070,"spread_desc":"","spread_info":"","tail_icon":0,"timestamp":1659500069,"trigger_time":1659500068019896300,"uid":1189757587,"uname":"二O柒1六楞汽肆六六鸠1","uname_color":""}}
[2022-08-03 12:14:31.367] [DEBUG] github.zimoyin.core.live.massage.vertx.TcpVerticle.analyzeData(TcpVerticle.java:267)  - msg: {"cmd":"ONLINE_RANK_COUNT","data":{"count":4883}}
[2022-08-03 12:14:37.704] [DEBUG] github.zimoyin.core.live.massage.vertx.TcpVerticle.lambda$completeHandle$0(TcpVerticle.java:133)  - 服务器响应实际长度 88 byte
[2022-08-03 12:14:37.705] [DEBUG] github.zimoyin.core.live.massage.vertx.TcpVerticle.lambda$completeHandle$0(TcpVerticle.java:134)  - Header{pageSize=88, headerSize=16, version=2, code=5, sequence=0}
[2022-08-03 12:14:37.705] [DEBUG] github.zimoyin.core.live.massage.vertx.TcpVerticle.analyzeData(TcpVerticle.java:267)  - msg: {"cmd":"ONLINE_RANK_COUNT","data":{"count":4883}}
[2022-08-03 12:14:38.814] [DEBUG] github.zimoyin.core.live.massage.vertx.TcpVerticle.lambda$sendHeatLoop$2(TcpVerticle.java:303)  - 发送心跳
[2022-08-03 12:14:38.884] [DEBUG] github.zimoyin.core.live.massage.vertx.TcpVerticle.lambda$completeHandle$0(TcpVerticle.java:133)  - 服务器响应实际长度 20 byte
[2022-08-03 12:14:38.884] [DEBUG] github.zimoyin.core.live.massage.vertx.TcpVerticle.lambda$completeHandle$0(TcpVerticle.java:134)  - Header{pageSize=20, headerSize=16, version=2, code=3, sequence=0}
[2022-08-03 12:14:38.885] [DEBUG] github.zimoyin.core.live.massage.vertx.TcpVerticle.analyzeData(TcpVerticle.java:253)  - 人气：1
[2022-08-03 12:14:38.951] [DEBUG] github.zimoyin.core.live.massage.vertx.TcpVerticle.lambda$completeHandle$0(TcpVerticle.java:133)  - 服务器响应实际长度 121 byte
[2022-08-03 12:14:38.952] [DEBUG] github.zimoyin.core.live.massage.vertx.TcpVerticle.lambda$completeHandle$0(TcpVerticle.java:134)  - Header{pageSize=121, headerSize=16, version=2, code=5, sequence=0}
[2022-08-03 12:14:38.952] [DEBUG] github.zimoyin.core.live.massage.vertx.TcpVerticle.analyzeData(TcpVerticle.java:267)  - msg: {"cmd":"WATCHED_CHANGE","data":{"num":823,"text_small":"823","text_large":"823人看过"}}
[2022-08-03 12:14:40.782] [DEBUG] github.zimoyin.core.live.massage.vertx.TcpVerticle.lambda$completeHandle$0(TcpVerticle.java:133)  - 服务器响应实际长度 401 byte
[2022-08-03 12:14:40.782] [DEBUG] github.zimoyin.core.live.massage.vertx.TcpVerticle.lambda$completeHandle$0(TcpVerticle.java:134)  - Header{pageSize=401, headerSize=16, version=2, code=5, sequence=0}
[2022-08-03 12:14:40.783] [DEBUG] github.zimoyin.core.live.massage.vertx.TcpVerticle.analyzeData(TcpVerticle.java:267)  - msg: {"cmd":"INTERACT_WORD","data":{"contribution":{"grade":0},"dmscore":12,"fans_medal":{"anchor_roomid":56948,"guard_level":0,"icon_id":0,"is_lighted":1,"medal_color":9272486,"medal_color_border":9272486,"medal_color_end":9272486,"medal_color_start":9272486,"medal_level":11,"medal_name":"FYSS","score":15681,"special":"","target_id":1767542},"identities":[3,1],"is_spread":0,"msg_type":1,"privilege_type":0,"roomid":5050,"score":1659525759498,"spread_desc":"","spread_info":"","tail_icon":0,"timestamp":1659500078,"trigger_time":1659500077398294300,"uid":49438978,"uname":"米特の猫","uname_color":""}}
[2022-08-03 12:14:43.610] [DEBUG] github.zimoyin.core.live.massage.vertx.TcpVerticle.lambda$completeHandle$0(TcpVerticle.java:133)  - 服务器响应实际长度 88 byte
[2022-08-03 12:14:43.611] [DEBUG] github.zimoyin.core.live.massage.vertx.TcpVerticle.lambda$completeHandle$0(TcpVerticle.java:134)  - Header{pageSize=88, headerSize=16, version=2, code=5, sequence=0}
[2022-08-03 12:14:43.611] [DEBUG] github.zimoyin.core.live.massage.vertx.TcpVerticle.analyzeData(TcpVerticle.java:267)  - msg: {"cmd":"ONLINE_RANK_COUNT","data":{"count":4883}}
[2022-08-03 12:14:46.826] [DEBUG] github.zimoyin.core.live.massage.vertx.TcpVerticle.lambda$sendHeatLoop$2(TcpVerticle.java:303)  - 发送心跳
[2022-08-03 12:14:46.867] [DEBUG] github.zimoyin.core.live.massage.vertx.TcpVerticle.lambda$completeHandle$0(TcpVerticle.java:133)  - 服务器响应实际长度 20 byte
[2022-08-03 12:14:46.868] [DEBUG] github.zimoyin.core.live.massage.vertx.TcpVerticle.lambda$completeHandle$0(TcpVerticle.java:134)  - Header{pageSize=20, headerSize=16, version=2, code=3, sequence=0}
[2022-08-03 12:14:46.868] [DEBUG] github.zimoyin.core.live.massage.vertx.TcpVerticle.analyzeData(TcpVerticle.java:253)  - 人气：1
[2022-08-03 12:14:49.305] [DEBUG] github.zimoyin.core.live.massage.vertx.TcpVerticle.lambda$completeHandle$0(TcpVerticle.java:133)  - 服务器响应实际长度 88 byte
[2022-08-03 12:14:49.306] [DEBUG] github.zimoyin.core.live.massage.vertx.TcpVerticle.lambda$completeHandle$0(TcpVerticle.java:134)  - Header{pageSize=88, headerSize=16, version=2, code=5, sequence=0}
[2022-08-03 12:14:49.307] [DEBUG] github.zimoyin.core.live.massage.vertx.TcpVerticle.analyzeData(TcpVerticle.java:267)  - msg: {"cmd":"ONLINE_RANK_COUNT","data":{"count":4883}}
[2022-08-03 12:14:54.473] [DEBUG] github.zimoyin.core.live.massage.vertx.TcpVerticle.lambda$completeHandle$0(TcpVerticle.java:133)  - 服务器响应实际长度 88 byte
[2022-08-03 12:14:54.474] [DEBUG] github.zimoyin.core.live.massage.vertx.TcpVerticle.lambda$completeHandle$0(TcpVerticle.java:134)  - Header{pageSize=88, headerSize=16, version=2, code=5, sequence=0}
[2022-08-03 12:14:54.474] [DEBUG] github.zimoyin.core.live.massage.vertx.TcpVerticle.analyzeData(TcpVerticle.java:267)  - msg: {"cmd":"ONLINE_RANK_COUNT","data":{"count":4883}}
[2022-08-03 12:14:54.839] [DEBUG] github.zimoyin.core.live.massage.vertx.TcpVerticle.lambda$sendHeatLoop$2(TcpVerticle.java:303)  - 发送心跳
[2022-08-03 12:14:54.881] [DEBUG] github.zimoyin.core.live.massage.vertx.TcpVerticle.lambda$completeHandle$0(TcpVerticle.java:133)  - 服务器响应实际长度 20 byte
[2022-08-03 12:14:54.882] [DEBUG] github.zimoyin.core.live.massage.vertx.TcpVerticle.lambda$completeHandle$0(TcpVerticle.java:134)  - Header{pageSize=20, headerSize=16, version=2, code=3, sequence=0}
[2022-08-03 12:14:54.882] [DEBUG] github.zimoyin.core.live.massage.vertx.TcpVerticle.analyzeData(TcpVerticle.java:253)  - 人气：1
[2022-08-03 12:14:56.146] [DEBUG] github.zimoyin.core.live.massage.vertx.TcpVerticle.lambda$completeHandle$0(TcpVerticle.java:133)  - 服务器响应实际长度 121 byte
[2022-08-03 12:14:56.146] [DEBUG] github.zimoyin.core.live.massage.vertx.TcpVerticle.lambda$completeHandle$0(TcpVerticle.java:134)  - Header{pageSize=121, headerSize=16, version=2, code=5, sequence=0}
[2022-08-03 12:14:56.147] [DEBUG] github.zimoyin.core.live.massage.vertx.TcpVerticle.analyzeData(TcpVerticle.java:267)  - msg: {"cmd":"WATCHED_CHANGE","data":{"num":823,"text_small":"823","text_large":"823人看过"}}
[2022-08-03 12:14:58.081] [DEBUG] github.zimoyin.core.live.massage.vertx.TcpVerticle.lambda$completeHandle$0(TcpVerticle.java:133)  - 服务器响应实际长度 400 byte
[2022-08-03 12:14:58.082] [DEBUG] github.zimoyin.core.live.massage.vertx.TcpVerticle.lambda$completeHandle$0(TcpVerticle.java:134)  - Header{pageSize=400, headerSize=16, version=2, code=5, sequence=0}
[2022-08-03 12:14:58.082] [DEBUG] github.zimoyin.core.live.massage.vertx.TcpVerticle.analyzeData(TcpVerticle.java:267)  - msg: {"cmd":"INTERACT_WORD","data":{"contribution":{"grade":0},"dmscore":12,"fans_medal":{"anchor_roomid":33989,"guard_level":0,"icon_id":0,"is_lighted":1,"medal_color":9272486,"medal_color_border":9272486,"medal_color_end":9272486,"medal_color_start":9272486,"medal_level":11,"medal_name":"泛团","score":18317,"special":"","target_id":63231},"identities":[3,1],"is_spread":0,"msg_type":1,"privilege_type":0,"roomid":5050,"score":1659528412748,"spread_desc":"","spread_info":"","tail_icon":0,"timestamp":1659500095,"trigger_time":1659500094668830200,"uid":247707804,"uname":"思考者灬","uname_color":""}}
[2022-08-03 12:14:59.559] [DEBUG] github.zimoyin.core.live.massage.vertx.TcpVerticle.lambda$completeHandle$0(TcpVerticle.java:133)  - 服务器响应实际长度 88 byte
[2022-08-03 12:14:59.560] [DEBUG] github.zimoyin.core.live.massage.vertx.TcpVerticle.lambda$completeHandle$0(TcpVerticle.java:134)  - Header{pageSize=88, headerSize=16, version=2, code=5, sequence=0}
[2022-08-03 12:14:59.560] [DEBUG] github.zimoyin.core.live.massage.vertx.TcpVerticle.analyzeData(TcpVerticle.java:267)  - msg: {"cmd":"ONLINE_RANK_COUNT","data":{"count":4883}}
[2022-08-03 12:14:59.616] [DEBUG] github.zimoyin.core.live.massage.vertx.TcpVerticle.lambda$completeHandle$0(TcpVerticle.java:133)  - 服务器响应实际长度 607 byte
[2022-08-03 12:14:59.616] [DEBUG] github.zimoyin.core.live.massage.vertx.TcpVerticle.lambda$completeHandle$0(TcpVerticle.java:134)  - Header{pageSize=607, headerSize=16, version=0, code=5, sequence=0}
[2022-08-03 12:14:59.617] [DEBUG] github.zimoyin.core.live.massage.vertx.TcpVerticle.analyzeData(TcpVerticle.java:267)  - msg: {"cmd":"STOP_LIVE_ROOM_LIST","data":{"room_id_list":[23419045,24483963,10456529,21953973,23986390,24953263,25413099,25558095,4132461,25638152,6711662,4757638,23122672,911408,24974486,25360561,21953578,21690251,23546606,11132294,9440224,25619840,11495642,25652343,22784569,23337435,25655831,3315652,4115838,25371594,9036553,25410717,23632640,6909031,25396982,22592288,23020326,4676176,6257559,11669038,1287627,2443873,4167265,25050847,3748267,14575970,14788619,23548769,24430612,25073423,25551283,27298,23272076,22718753,23970137,25655516,2446764,25220434,23365134,25496124,25647410,284075]}}
[2022-08-03 12:15:00.660] [DEBUG] github.zimoyin.core.live.massage.vertx.TcpVerticle.lambda$completeHandle$0(TcpVerticle.java:133)  - 服务器响应实际长度 404 byte
[2022-08-03 12:15:00.661] [DEBUG] github.zimoyin.core.live.massage.vertx.TcpVerticle.lambda$completeHandle$0(TcpVerticle.java:134)  - Header{pageSize=404, headerSize=16, version=2, code=5, sequence=0}
[2022-08-03 12:15:00.661] [DEBUG] github.zimoyin.core.live.massage.vertx.TcpVerticle.analyzeData(TcpVerticle.java:267)  - msg: {"cmd":"INTERACT_WORD","data":{"contribution":{"grade":0},"dmscore":18,"fans_medal":{"anchor_roomid":5050,"guard_level":0,"icon_id":0,"is_lighted":0,"medal_color":12632256,"medal_color_border":12632256,"medal_color_end":12632256,"medal_color_start":12632256,"medal_level":17,"medal_name":"大母鹅","score":155249,"special":"","target_id":433351},"identities":[1],"is_spread":0,"msg_type":1,"privilege_type":0,"roomid":5050,"score":1659500098352,"spread_desc":"","spread_info":"","tail_icon":0,"timestamp":1659500098,"trigger_time":1659500097226478800,"uid":147013256,"uname":"鸿是江边鸟z","uname_color":""}}
[2022-08-03 12:15:02.846] [DEBUG] github.zimoyin.core.live.massage.vertx.TcpVerticle.lambda$sendHeatLoop$2(TcpVerticle.java:303)  - 发送心跳
[2022-08-03 12:15:02.889] [DEBUG] github.zimoyin.core.live.massage.vertx.TcpVerticle.lambda$completeHandle$0(TcpVerticle.java:133)  - 服务器响应实际长度 20 byte
[2022-08-03 12:15:02.889] [DEBUG] github.zimoyin.core.live.massage.vertx.TcpVerticle.lambda$completeHandle$0(TcpVerticle.java:134)  - Header{pageSize=20, headerSize=16, version=2, code=3, sequence=0}
[2022-08-03 12:15:02.890] [DEBUG] github.zimoyin.core.live.massage.vertx.TcpVerticle.analyzeData(TcpVerticle.java:253)  - 人气：1
[2022-08-03 12:15:03.600] [DEBUG] github.zimoyin.core.live.massage.vertx.TcpVerticle.lambda$completeHandle$0(TcpVerticle.java:133)  - 服务器响应实际长度 121 byte
[2022-08-03 12:15:03.600] [DEBUG] github.zimoyin.core.live.massage.vertx.TcpVerticle.lambda$completeHandle$0(TcpVerticle.java:134)  - Header{pageSize=121, headerSize=16, version=2, code=5, sequence=0}
[2022-08-03 12:15:03.601] [DEBUG] github.zimoyin.core.live.massage.vertx.TcpVerticle.analyzeData(TcpVerticle.java:267)  - msg: {"cmd":"WATCHED_CHANGE","data":{"num":823,"text_small":"823","text_large":"823人看过"}}
[2022-08-03 12:15:05.483] [DEBUG] github.zimoyin.core.live.massage.vertx.TcpVerticle.lambda$completeHandle$0(TcpVerticle.java:133)  - 服务器响应实际长度 440 byte
[2022-08-03 12:15:05.484] [DEBUG] github.zimoyin.core.live.massage.vertx.TcpVerticle.lambda$completeHandle$0(TcpVerticle.java:134)  - Header{pageSize=440, headerSize=16, version=2, code=5, sequence=0}
[2022-08-03 12:15:05.484] [DEBUG] github.zimoyin.core.live.massage.vertx.TcpVerticle.analyzeData(TcpVerticle.java:267)  - msg: {"cmd":"INTERACT_WORD","data":{"contribution":{"grade":0},"dmscore":18,"fans_medal":{"anchor_roomid":5050,"guard_level":0,"icon_id":0,"is_lighted":1,"medal_color":1725515,"medal_color_border":1725515,"medal_color_end":5414290,"medal_color_start":1725515,"medal_level":21,"medal_name":"大母鹅","score":50001645,"special":"","target_id":433351},"identities":[3,1],"is_spread":0,"msg_type":1,"privilege_type":0,"roomid":5050,"score":1709511748123,"spread_desc":"","spread_info":"","tail_icon":0,"timestamp":1659500103,"trigger_time":1659500102158411800,"uid":91225825,"uname":"Ric_Gban","uname_color":""}}
[2022-08-03 12:15:05.484] [DEBUG] github.zimoyin.core.live.massage.vertx.TcpVerticle.analyzeData(TcpVerticle.java:267)  - msg: {"cmd":"ONLINE_RANK_COUNT","data":{"count":4883}}
[2022-08-03 12:15:09.858] [DEBUG] github.zimoyin.core.live.massage.vertx.TcpVerticle.lambda$completeHandle$0(TcpVerticle.java:133)  - 服务器响应实际长度 121 byte
[2022-08-03 12:15:09.858] [DEBUG] github.zimoyin.core.live.massage.vertx.TcpVerticle.lambda$completeHandle$0(TcpVerticle.java:134)  - Header{pageSize=121, headerSize=16, version=2, code=5, sequence=0}
[2022-08-03 12:15:09.859] [DEBUG] github.zimoyin.core.live.massage.vertx.TcpVerticle.analyzeData(TcpVerticle.java:267)  - msg: {"cmd":"WATCHED_CHANGE","data":{"num":823,"text_small":"823","text_large":"823人看过"}}
[2022-08-03 12:15:10.851] [DEBUG] github.zimoyin.core.live.massage.vertx.TcpVerticle.lambda$sendHeatLoop$2(TcpVerticle.java:303)  - 发送心跳
[2022-08-03 12:15:10.895] [DEBUG] github.zimoyin.core.live.massage.vertx.TcpVerticle.lambda$completeHandle$0(TcpVerticle.java:133)  - 服务器响应实际长度 20 byte
[2022-08-03 12:15:10.896] [DEBUG] github.zimoyin.core.live.massage.vertx.TcpVerticle.lambda$completeHandle$0(TcpVerticle.java:134)  - Header{pageSize=20, headerSize=16, version=2, code=3, sequence=0}
[2022-08-03 12:15:10.896] [DEBUG] github.zimoyin.core.live.massage.vertx.TcpVerticle.analyzeData(TcpVerticle.java:253)  - 人气：1
[2022-08-03 12:15:11.496] [DEBUG] github.zimoyin.core.live.massage.vertx.TcpVerticle.lambda$completeHandle$0(TcpVerticle.java:133)  - 服务器响应实际长度 88 byte
[2022-08-03 12:15:11.497] [DEBUG] github.zimoyin.core.live.massage.vertx.TcpVerticle.lambda$completeHandle$0(TcpVerticle.java:134)  - Header{pageSize=88, headerSize=16, version=2, code=5, sequence=0}
[2022-08-03 12:15:11.497] [DEBUG] github.zimoyin.core.live.massage.vertx.TcpVerticle.analyzeData(TcpVerticle.java:267)  - msg: {"cmd":"ONLINE_RANK_COUNT","data":{"count":4883}}
[2022-08-03 12:15:18.859] [DEBUG] github.zimoyin.core.live.massage.vertx.TcpVerticle.lambda$sendHeatLoop$2(TcpVerticle.java:303)  - 发送心跳
[2022-08-03 12:15:18.904] [DEBUG] github.zimoyin.core.live.massage.vertx.TcpVerticle.lambda$completeHandle$0(TcpVerticle.java:133)  - 服务器响应实际长度 20 byte
[2022-08-03 12:15:18.904] [DEBUG] github.zimoyin.core.live.massage.vertx.TcpVerticle.lambda$completeHandle$0(TcpVerticle.java:134)  - Header{pageSize=20, headerSize=16, version=2, code=3, sequence=0}
[2022-08-03 12:15:18.905] [DEBUG] github.zimoyin.core.live.massage.vertx.TcpVerticle.analyzeData(TcpVerticle.java:253)  - 人气：1
[2022-08-03 12:15:21.620] [DEBUG] github.zimoyin.core.live.massage.vertx.TcpVerticle.lambda$completeHandle$0(TcpVerticle.java:133)  - 服务器响应实际长度 88 byte
[2022-08-03 12:15:21.620] [DEBUG] github.zimoyin.core.live.massage.vertx.TcpVerticle.lambda$completeHandle$0(TcpVerticle.java:134)  - Header{pageSize=88, headerSize=16, version=2, code=5, sequence=0}
[2022-08-03 12:15:21.620] [DEBUG] github.zimoyin.core.live.massage.vertx.TcpVerticle.analyzeData(TcpVerticle.java:267)  - msg: {"cmd":"ONLINE_RANK_COUNT","data":{"count":4883}}
[2022-08-03 12:15:22.748] [DEBUG] github.zimoyin.core.live.massage.vertx.TcpVerticle.lambda$completeHandle$0(TcpVerticle.java:133)  - 服务器响应实际长度 394 byte
[2022-08-03 12:15:22.748] [DEBUG] github.zimoyin.core.live.massage.vertx.TcpVerticle.lambda$completeHandle$0(TcpVerticle.java:134)  - Header{pageSize=394, headerSize=16, version=2, code=5, sequence=0}
[2022-08-03 12:15:22.748] [DEBUG] github.zimoyin.core.live.massage.vertx.TcpVerticle.analyzeData(TcpVerticle.java:267)  - msg: {"cmd":"INTERACT_WORD","data":{"contribution":{"grade":0},"dmscore":2,"fans_medal":{"anchor_roomid":0,"guard_level":0,"icon_id":0,"is_lighted":0,"medal_color":0,"medal_color_border":0,"medal_color_end":0,"medal_color_start":0,"medal_level":0,"medal_name":"","score":0,"special":"","target_id":0},"identities":[1],"is_spread":0,"msg_type":1,"privilege_type":0,"roomid":5050,"score":1659500120426,"spread_desc":"","spread_info":"","tail_icon":0,"timestamp":1659500120,"trigger_time":1659500119327959000,"uid":1726709391,"uname":"二O柒1六楞汽肆六六久1","uname_color":""}}
[2022-08-03 12:15:23.716] [DEBUG] github.zimoyin.core.live.massage.vertx.TcpVerticle.lambda$completeHandle$0(TcpVerticle.java:133)  - 服务器响应实际长度 626 byte
[2022-08-03 12:15:23.716] [DEBUG] github.zimoyin.core.live.massage.vertx.TcpVerticle.lambda$completeHandle$0(TcpVerticle.java:134)  - Header{pageSize=626, headerSize=16, version=2, code=5, sequence=0}
[2022-08-03 12:15:23.717] [DEBUG] github.zimoyin.core.live.massage.vertx.TcpVerticle.analyzeData(TcpVerticle.java:267)  - msg: {"cmd":"DANMU_MSG","info":[[0,1,25,5566168,1659500122452,1659500122,0,"285e20c9",0,0,0,"",0,"{}","{}",{"mode":0,"show_player_type":0,"extra":"{\"send_from_me\":false,\"mode\":0,\"color\":5566168,\"dm_type\":0,\"font_size\":25,\"player_mode\":1,\"show_player_type\":0,\"content\":\".\",\"user_hash\":\"677257417\",\"emoticon_unique\":\"\",\"bulge_display\":0,\"recommend_score\":0,\"main_state_dm_color\":\"\",\"objective_state_dm_color\":\"\",\"direction\":0,\"pk_direction\":0,\"quartet_direction\":0,\"anniversary_crowd\":0,\"yeah_space_type\":\"\",\"yeah_space_url\":\"\",\"jump_to_url\":\"\",\"space_type\":\"\",\"space_url\":\"\"}"},{"activity_identity":"","activity_source":0,"not_show":0}],".",[4639442,"HiverP",0,0,0,10000,1,""],[],[39,0,10512625,37429,0],["",""],0,0,null,{"ts":1659500122,"ct":"95127044"},0,0,null,null,0,7]}
[2022-08-03 12:15:23.717] [DEBUG] github.zimoyin.core.live.massage.vertx.TcpVerticle.analyzeData(TcpVerticle.java:267)  - msg: {"cmd":"LIVE_INTERACTIVE_GAME","data":{"type":2,"uid":4639442,"uname":"HiverP","uface":"","gift_id":0,"gift_name":"","gift_num":0,"price":0,"paid":false,"msg":".","fans_medal_level":14,"guard_level":0,"timestamp":1659500122,"anchor_lottery":null,"pk_info":null,"anchor_info":null}}
[2022-08-03 12:15:24.910] [DEBUG] github.zimoyin.core.live.massage.vertx.TcpVerticle.lambda$completeHandle$0(TcpVerticle.java:133)  - 服务器响应实际长度 121 byte
[2022-08-03 12:15:24.910] [DEBUG] github.zimoyin.core.live.massage.vertx.TcpVerticle.lambda$completeHandle$0(TcpVerticle.java:134)  - Header{pageSize=121, headerSize=16, version=2, code=5, sequence=0}
[2022-08-03 12:15:24.910] [DEBUG] github.zimoyin.core.live.massage.vertx.TcpVerticle.analyzeData(TcpVerticle.java:267)  - msg: {"cmd":"WATCHED_CHANGE","data":{"num":823,"text_small":"823","text_large":"823人看过"}}
[2022-08-03 12:15:26.399] [DEBUG] github.zimoyin.core.live.massage.vertx.TcpVerticle.lambda$completeHandle$0(TcpVerticle.java:133)  - 服务器响应实际长度 373 byte
[2022-08-03 12:15:26.399] [DEBUG] github.zimoyin.core.live.massage.vertx.TcpVerticle.lambda$completeHandle$0(TcpVerticle.java:134)  - Header{pageSize=373, headerSize=16, version=2, code=5, sequence=0}
[2022-08-03 12:15:26.400] [DEBUG] github.zimoyin.core.live.massage.vertx.TcpVerticle.analyzeData(TcpVerticle.java:267)  - msg: {"cmd":"INTERACT_WORD","data":{"contribution":{"grade":0},"dmscore":2,"fans_medal":{"anchor_roomid":0,"guard_level":0,"icon_id":0,"is_lighted":0,"medal_color":0,"medal_color_border":0,"medal_color_end":0,"medal_color_start":0,"medal_level":0,"medal_name":"","score":0,"special":"","target_id":0},"identities":[1],"is_spread":0,"msg_type":1,"privilege_type":0,"roomid":5050,"score":1659500124098,"spread_desc":"","spread_info":"","tail_icon":0,"timestamp":1659500124,"trigger_time":1659500123080004400,"uid":21782841,"uname":"大风的兜兜风","uname_color":""}}
[2022-08-03 12:15:26.865] [DEBUG] github.zimoyin.core.live.massage.vertx.TcpVerticle.lambda$sendHeatLoop$2(TcpVerticle.java:303)  - 发送心跳
[2022-08-03 12:15:26.912] [DEBUG] github.zimoyin.core.live.massage.vertx.TcpVerticle.lambda$completeHandle$0(TcpVerticle.java:133)  - 服务器响应实际长度 20 byte
[2022-08-03 12:15:26.912] [DEBUG] github.zimoyin.core.live.massage.vertx.TcpVerticle.lambda$completeHandle$0(TcpVerticle.java:134)  - Header{pageSize=20, headerSize=16, version=2, code=3, sequence=0}
[2022-08-03 12:15:26.913] [DEBUG] github.zimoyin.core.live.massage.vertx.TcpVerticle.analyzeData(TcpVerticle.java:253)  - 人气：1
[2022-08-03 12:15:28.598] [DEBUG] github.zimoyin.core.live.massage.vertx.TcpVerticle.lambda$completeHandle$0(TcpVerticle.java:133)  - 服务器响应实际长度 88 byte
[2022-08-03 12:15:28.598] [DEBUG] github.zimoyin.core.live.massage.vertx.TcpVerticle.lambda$completeHandle$0(TcpVerticle.java:134)  - Header{pageSize=88, headerSize=16, version=2, code=5, sequence=0}
[2022-08-03 12:15:28.599] [DEBUG] github.zimoyin.core.live.massage.vertx.TcpVerticle.analyzeData(TcpVerticle.java:267)  - msg: {"cmd":"ONLINE_RANK_COUNT","data":{"count":4883}}
[2022-08-03 12:15:29.532] [DEBUG] github.zimoyin.core.live.massage.vertx.TcpVerticle.lambda$completeHandle$0(TcpVerticle.java:133)  - 服务器响应实际长度 403 byte
[2022-08-03 12:15:29.533] [DEBUG] github.zimoyin.core.live.massage.vertx.TcpVerticle.lambda$completeHandle$0(TcpVerticle.java:134)  - Header{pageSize=403, headerSize=16, version=2, code=5, sequence=0}
[2022-08-03 12:15:29.533] [DEBUG] github.zimoyin.core.live.massage.vertx.TcpVerticle.analyzeData(TcpVerticle.java:267)  - msg: {"cmd":"INTERACT_WORD","data":{"contribution":{"grade":0},"dmscore":18,"fans_medal":{"anchor_roomid":5050,"guard_level":0,"icon_id":0,"is_lighted":1,"medal_color":13081892,"medal_color_border":13081892,"medal_color_end":13081892,"medal_color_start":13081892,"medal_level":18,"medal_name":"大母鹅","score":294509,"special":"","target_id":433351},"identities":[3,1],"is_spread":0,"msg_type":1,"privilege_type":0,"roomid":5050,"score":1659804636252,"spread_desc":"","spread_info":"","tail_icon":0,"timestamp":1659500127,"trigger_time":1659500126075578600,"uid":1629353,"uname":"Demon丶丶","uname_color":""}}
[2022-08-03 12:15:29.613] [DEBUG] github.zimoyin.core.live.massage.vertx.TcpVerticle.lambda$completeHandle$0(TcpVerticle.java:133)  - 服务器响应实际长度 1045 byte
[2022-08-03 12:15:29.613] [DEBUG] github.zimoyin.core.live.massage.vertx.TcpVerticle.lambda$completeHandle$0(TcpVerticle.java:134)  - Header{pageSize=1045, headerSize=16, version=0, code=5, sequence=0}
[2022-08-03 12:15:29.613] [DEBUG] github.zimoyin.core.live.massage.vertx.TcpVerticle.analyzeData(TcpVerticle.java:267)  - msg: {"cmd":"STOP_LIVE_ROOM_LIST","data":{"room_id_list":[25655661,23008603,23274363,8072658,9528873,22774600,25298431,1052235,24759534,22409718,2642406,1076829,21664731,25190495,25565821,25649196,22735126,25478007,4905484,9711626,23421734,2502285,25544754,25636707,3985845,4258994,6586510,23596840,23832099,24313564,23078406,23245071,24050983,24662606,25151349,25425707,25510191,25655290,6291832,11088095,22296581,22881899,23330031,25382450,25601094,25655730,25655814,13744864,23563472,25653333,9800173,24705615,25291705,25303090,25447917,22828625,24694521,1827985,23084096,24036824,25337529,25655642,5183791,6257827,850494,8865131,9275137,21991805,23607606,2809237,503021,7597951,2098144,22786092,22904347,24416888,25282859,25341908,11728510,23375079,24744167,25105947,10375617,23541365,24755631,12525,22864487,23199378,24323930,25422913,9018493,21721673,24953263,25600656,25655513,12309595,21713559,23391640,25655780,4614211,8548155,25444029,13873476,532150,14437348,24072974,25652619,25112416,12362993,25606486,21152479,3498487]}}
[2022-08-03 12:15:34.060] [DEBUG] github.zimoyin.core.live.massage.vertx.TcpVerticle.lambda$completeHandle$0(TcpVerticle.java:133)  - 服务器响应实际长度 427 byte
[2022-08-03 12:15:34.060] [DEBUG] github.zimoyin.core.live.massage.vertx.TcpVerticle.lambda$completeHandle$0(TcpVerticle.java:134)  - Header{pageSize=427, headerSize=16, version=2, code=5, sequence=0}
[2022-08-03 12:15:34.060] [DEBUG] github.zimoyin.core.live.massage.vertx.TcpVerticle.analyzeData(TcpVerticle.java:267)  - msg: {"cmd":"ONLINE_RANK_COUNT","data":{"count":4883}}
[2022-08-03 12:15:34.060] [DEBUG] github.zimoyin.core.live.massage.vertx.TcpVerticle.analyzeData(TcpVerticle.java:267)  - msg: {"cmd":"INTERACT_WORD","data":{"contribution":{"grade":0},"dmscore":2,"fans_medal":{"anchor_roomid":0,"guard_level":0,"icon_id":0,"is_lighted":0,"medal_color":0,"medal_color_border":0,"medal_color_end":0,"medal_color_start":0,"medal_level":0,"medal_name":"","score":0,"special":"","target_id":0},"identities":[1],"is_spread":0,"msg_type":1,"privilege_type":0,"roomid":5050,"score":1659500132090,"spread_desc":"","spread_info":"","tail_icon":0,"timestamp":1659500132,"trigger_time":1659500131045155600,"uid":1667243455,"uname":"二0柒1六仞汽泗六六疚1","uname_color":""}}
[2022-08-03 12:15:34.879] [DEBUG] github.zimoyin.core.live.massage.vertx.TcpVerticle.lambda$sendHeatLoop$2(TcpVerticle.java:303)  - 发送心跳
[2022-08-03 12:15:34.926] [DEBUG] github.zimoyin.core.live.massage.vertx.TcpVerticle.lambda$completeHandle$0(TcpVerticle.java:133)  - 服务器响应实际长度 20 byte
[2022-08-03 12:15:34.926] [DEBUG] github.zimoyin.core.live.massage.vertx.TcpVerticle.lambda$completeHandle$0(TcpVerticle.java:134)  - Header{pageSize=20, headerSize=16, version=2, code=3, sequence=0}
[2022-08-03 12:15:34.927] [DEBUG] github.zimoyin.core.live.massage.vertx.TcpVerticle.analyzeData(TcpVerticle.java:253)  - 人气：1
[2022-08-03 12:15:35.840] [DEBUG] github.zimoyin.core.live.massage.vertx.TcpVerticle.lambda$completeHandle$0(TcpVerticle.java:133)  - 服务器响应实际长度 400 byte
[2022-08-03 12:15:35.840] [DEBUG] github.zimoyin.core.live.massage.vertx.TcpVerticle.lambda$completeHandle$0(TcpVerticle.java:134)  - Header{pageSize=400, headerSize=16, version=2, code=5, sequence=0}
[2022-08-03 12:15:35.841] [DEBUG] github.zimoyin.core.live.massage.vertx.TcpVerticle.analyzeData(TcpVerticle.java:267)  - msg: {"cmd":"INTERACT_WORD","data":{"contribution":{"grade":0},"dmscore":18,"fans_medal":{"anchor_roomid":5050,"guard_level":0,"icon_id":0,"is_lighted":0,"medal_color":12632256,"medal_color_border":12632256,"medal_color_end":12632256,"medal_color_start":12632256,"medal_level":18,"medal_name":"大母鹅","score":355605,"special":"","target_id":433351},"identities":[1],"is_spread":0,"msg_type":1,"privilege_type":0,"roomid":5050,"score":1659500133475,"spread_desc":"","spread_info":"","tail_icon":0,"timestamp":1659500133,"trigger_time":1659500132485287200,"uid":755204,"uname":"水可載舟","uname_color":""}}
[2022-08-03 12:15:38.017] [DEBUG] github.zimoyin.core.live.massage.vertx.TcpVerticle.lambda$completeHandle$0(TcpVerticle.java:133)  - 服务器响应实际长度 121 byte
[2022-08-03 12:15:38.018] [DEBUG] github.zimoyin.core.live.massage.vertx.TcpVerticle.lambda$completeHandle$0(TcpVerticle.java:134)  - Header{pageSize=121, headerSize=16, version=2, code=5, sequence=0}
[2022-08-03 12:15:38.018] [DEBUG] github.zimoyin.core.live.massage.vertx.TcpVerticle.analyzeData(TcpVerticle.java:267)  - msg: {"cmd":"WATCHED_CHANGE","data":{"num":823,"text_small":"823","text_large":"823人看过"}}
[2022-08-03 12:15:39.928] [DEBUG] github.zimoyin.core.live.massage.vertx.TcpVerticle.lambda$completeHandle$0(TcpVerticle.java:133)  - 服务器响应实际长度 567 byte
[2022-08-03 12:15:39.928] [DEBUG] github.zimoyin.core.live.massage.vertx.TcpVerticle.lambda$completeHandle$0(TcpVerticle.java:134)  - Header{pageSize=567, headerSize=16, version=2, code=5, sequence=0}
[2022-08-03 12:15:39.929] [DEBUG] github.zimoyin.core.live.massage.vertx.TcpVerticle.analyzeData(TcpVerticle.java:267)  - msg: {"cmd":"INTERACT_WORD","data":{"contribution":{"grade":0},"dmscore":18,"fans_medal":{"anchor_roomid":5050,"guard_level":0,"icon_id":0,"is_lighted":1,"medal_color":1725515,"medal_color_border":1725515,"medal_color_end":5414290,"medal_color_start":1725515,"medal_level":21,"medal_name":"大母鹅","score":50001524,"special":"","target_id":433351},"identities":[3,1],"is_spread":0,"msg_type":1,"privilege_type":0,"roomid":5050,"score":1709511661713,"spread_desc":"","spread_info":"","tail_icon":0,"timestamp":1659500137,"trigger_time":1659500136625327900,"uid":25331361,"uname":"皮皮硾子","uname_color":""}}
[2022-08-03 12:15:39.929] [DEBUG] github.zimoyin.core.live.massage.vertx.TcpVerticle.analyzeData(TcpVerticle.java:267)  - msg: {"cmd":"INTERACT_WORD","data":{"contribution":{"grade":0},"dmscore":2,"fans_medal":{"anchor_roomid":0,"guard_level":0,"icon_id":0,"is_lighted":0,"medal_color":0,"medal_color_border":0,"medal_color_end":0,"medal_color_start":0,"medal_level":0,"medal_name":"","score":0,"special":"","target_id":0},"identities":[1],"is_spread":0,"msg_type":1,"privilege_type":0,"roomid":5050,"score":1659500137631,"spread_desc":"","spread_info":"","tail_icon":0,"timestamp":1659500137,"trigger_time":1659500136612484000,"uid":1628198899,"uname":"二o柒1六朲汽泗六六旧1","uname_color":""}}
[2022-08-03 12:15:39.929] [DEBUG] github.zimoyin.core.live.massage.vertx.TcpVerticle.analyzeData(TcpVerticle.java:267)  - msg: {"cmd":"INTERACT_WORD","data":{"contribution":{"grade":0},"dmscore":2,"fans_medal":{"anchor_roomid":0,"guard_level":0,"icon_id":0,"is_lighted":0,"medal_color":0,"medal_color_border":0,"medal_color_end":0,"medal_color_start":0,"medal_level":0,"medal_name":"","score":0,"special":"","target_id":0},"identities":[1],"is_spread":0,"msg_type":1,"privilege_type":0,"roomid":5050,"score":1659500138157,"spread_desc":"","spread_info":"","tail_icon":0,"timestamp":1659500138,"trigger_time":1659500137231333000,"uid":1314763341,"uname":"二0柒1六楞汽泗六六就1","uname_color":""}}
[2022-08-03 12:15:41.505] [DEBUG] github.zimoyin.core.live.massage.vertx.TcpVerticle.lambda$completeHandle$0(TcpVerticle.java:133)  - 服务器响应实际长度 88 byte
[2022-08-03 12:15:41.505] [DEBUG] github.zimoyin.core.live.massage.vertx.TcpVerticle.lambda$completeHandle$0(TcpVerticle.java:134)  - Header{pageSize=88, headerSize=16, version=2, code=5, sequence=0}
[2022-08-03 12:15:41.506] [DEBUG] github.zimoyin.core.live.massage.vertx.TcpVerticle.analyzeData(TcpVerticle.java:267)  - msg: {"cmd":"ONLINE_RANK_COUNT","data":{"count":4883}}
[2022-08-03 12:15:42.892] [DEBUG] github.zimoyin.core.live.massage.vertx.TcpVerticle.lambda$sendHeatLoop$2(TcpVerticle.java:303)  - 发送心跳
[2022-08-03 12:15:42.934] [DEBUG] github.zimoyin.core.live.massage.vertx.TcpVerticle.lambda$completeHandle$0(TcpVerticle.java:133)  - 服务器响应实际长度 20 byte
[2022-08-03 12:15:42.935] [DEBUG] github.zimoyin.core.live.massage.vertx.TcpVerticle.lambda$completeHandle$0(TcpVerticle.java:134)  - Header{pageSize=20, headerSize=16, version=2, code=3, sequence=0}
[2022-08-03 12:15:42.935] [DEBUG] github.zimoyin.core.live.massage.vertx.TcpVerticle.analyzeData(TcpVerticle.java:253)  - 人气：1
[2022-08-03 12:15:46.638] [DEBUG] github.zimoyin.core.live.massage.vertx.TcpVerticle.lambda$completeHandle$0(TcpVerticle.java:133)  - 服务器响应实际长度 88 byte
[2022-08-03 12:15:46.639] [DEBUG] github.zimoyin.core.live.massage.vertx.TcpVerticle.lambda$completeHandle$0(TcpVerticle.java:134)  - Header{pageSize=88, headerSize=16, version=2, code=5, sequence=0}
[2022-08-03 12:15:46.639] [DEBUG] github.zimoyin.core.live.massage.vertx.TcpVerticle.analyzeData(TcpVerticle.java:267)  - msg: {"cmd":"ONLINE_RANK_COUNT","data":{"count":4883}}
[2022-08-03 12:15:48.980] [DEBUG] github.zimoyin.core.live.massage.vertx.TcpVerticle.lambda$completeHandle$0(TcpVerticle.java:133)  - 服务器响应实际长度 372 byte
[2022-08-03 12:15:48.982] [DEBUG] github.zimoyin.core.live.massage.vertx.TcpVerticle.lambda$completeHandle$0(TcpVerticle.java:134)  - Header{pageSize=372, headerSize=16, version=2, code=5, sequence=0}
[2022-08-03 12:15:48.982] [DEBUG] github.zimoyin.core.live.massage.vertx.TcpVerticle.analyzeData(TcpVerticle.java:267)  - msg: {"cmd":"INTERACT_WORD","data":{"contribution":{"grade":0},"dmscore":2,"fans_medal":{"anchor_roomid":0,"guard_level":0,"icon_id":0,"is_lighted":0,"medal_color":0,"medal_color_border":0,"medal_color_end":0,"medal_color_start":0,"medal_level":0,"medal_name":"","score":0,"special":"","target_id":0},"identities":[1],"is_spread":0,"msg_type":1,"privilege_type":0,"roomid":5050,"score":1659500146695,"spread_desc":"","spread_info":"","tail_icon":0,"timestamp":1659500146,"trigger_time":1659500145627857400,"uid":1670805730,"uname":"5o1朲汽8丶2七4","uname_color":""}}
[2022-08-03 12:15:50.897] [DEBUG] github.zimoyin.core.live.massage.vertx.TcpVerticle.lambda$sendHeatLoop$2(TcpVerticle.java:303)  - 发送心跳
[2022-08-03 12:15:50.939] [DEBUG] github.zimoyin.core.live.massage.vertx.TcpVerticle.lambda$completeHandle$0(TcpVerticle.java:133)  - 服务器响应实际长度 20 byte
[2022-08-03 12:15:50.939] [DEBUG] github.zimoyin.core.live.massage.vertx.TcpVerticle.lambda$completeHandle$0(TcpVerticle.java:134)  - Header{pageSize=20, headerSize=16, version=2, code=3, sequence=0}
[2022-08-03 12:15:50.939] [DEBUG] github.zimoyin.core.live.massage.vertx.TcpVerticle.analyzeData(TcpVerticle.java:253)  - 人气：1
[2022-08-03 12:15:51.865] [DEBUG] github.zimoyin.core.live.massage.vertx.TcpVerticle.lambda$completeHandle$0(TcpVerticle.java:133)  - 服务器响应实际长度 88 byte
[2022-08-03 12:15:51.865] [DEBUG] github.zimoyin.core.live.massage.vertx.TcpVerticle.lambda$completeHandle$0(TcpVerticle.java:134)  - Header{pageSize=88, headerSize=16, version=2, code=5, sequence=0}
[2022-08-03 12:15:51.866] [DEBUG] github.zimoyin.core.live.massage.vertx.TcpVerticle.analyzeData(TcpVerticle.java:267)  - msg: {"cmd":"ONLINE_RANK_COUNT","data":{"count":4883}}
[2022-08-03 12:15:57.661] [DEBUG] github.zimoyin.core.live.massage.vertx.TcpVerticle.lambda$completeHandle$0(TcpVerticle.java:133)  - 服务器响应实际长度 88 byte
[2022-08-03 12:15:57.661] [DEBUG] github.zimoyin.core.live.massage.vertx.TcpVerticle.lambda$completeHandle$0(TcpVerticle.java:134)  - Header{pageSize=88, headerSize=16, version=2, code=5, sequence=0}
[2022-08-03 12:15:57.662] [DEBUG] github.zimoyin.core.live.massage.vertx.TcpVerticle.analyzeData(TcpVerticle.java:267)  - msg: {"cmd":"ONLINE_RANK_COUNT","data":{"count":4883}}
[2022-08-03 12:15:58.910] [DEBUG] github.zimoyin.core.live.massage.vertx.TcpVerticle.lambda$sendHeatLoop$2(TcpVerticle.java:303)  - 发送心跳
[2022-08-03 12:15:58.953] [DEBUG] github.zimoyin.core.live.massage.vertx.TcpVerticle.lambda$completeHandle$0(TcpVerticle.java:133)  - 服务器响应实际长度 20 byte
[2022-08-03 12:15:58.953] [DEBUG] github.zimoyin.core.live.massage.vertx.TcpVerticle.lambda$completeHandle$0(TcpVerticle.java:134)  - Header{pageSize=20, headerSize=16, version=2, code=3, sequence=0}
[2022-08-03 12:15:58.953] [DEBUG] github.zimoyin.core.live.massage.vertx.TcpVerticle.analyzeData(TcpVerticle.java:253)  - 人气：1
[2022-08-03 12:15:59.594] [DEBUG] github.zimoyin.core.live.massage.vertx.TcpVerticle.lambda$completeHandle$0(TcpVerticle.java:133)  - 服务器响应实际长度 717 byte
[2022-08-03 12:15:59.594] [DEBUG] github.zimoyin.core.live.massage.vertx.TcpVerticle.lambda$completeHandle$0(TcpVerticle.java:134)  - Header{pageSize=717, headerSize=16, version=0, code=5, sequence=0}
[2022-08-03 12:15:59.595] [DEBUG] github.zimoyin.core.live.massage.vertx.TcpVerticle.analyzeData(TcpVerticle.java:267)  - msg: {"cmd":"STOP_LIVE_ROOM_LIST","data":{"room_id_list":[14659652,25260671,5268785,22249251,25649365,15028623,21514250,23819641,25643299,24612547,25654647,2872840,21813994,24198969,22234315,5461550,23488025,25066604,5164549,652160,23333568,23884852,24464979,25522653,363703,6164613,14816764,25531545,3864148,1921919,25116541,25626359,25655779,24148183,8248513,226561,25632629,25640719,11864078,13178220,23825429,25649948,23379033,24219514,25089223,7783922,22108351,25655638,9708214,24322972,25189294,25655236,6394870,21480628,23902556,24452646,23934476,6779488,24204602,24821903,13700025,13805109,25600351,4154401,24145260,24923203,13130456,23680813,25189736,14859709,25307818,3929152,25327913,25646992]}}
[2022-08-03 12:16:04.524] [DEBUG] github.zimoyin.core.live.massage.vertx.TcpVerticle.lambda$completeHandle$0(TcpVerticle.java:133)  - 服务器响应实际长度 159 byte
[2022-08-03 12:16:04.524] [DEBUG] github.zimoyin.core.live.massage.vertx.TcpVerticle.lambda$completeHandle$0(TcpVerticle.java:134)  - Header{pageSize=159, headerSize=16, version=2, code=5, sequence=0}
[2022-08-03 12:16:04.524] [DEBUG] github.zimoyin.core.live.massage.vertx.TcpVerticle.analyzeData(TcpVerticle.java:267)  - msg: {"cmd":"ONLINE_RANK_COUNT","data":{"count":4884}}
[2022-08-03 12:16:04.525] [DEBUG] github.zimoyin.core.live.massage.vertx.TcpVerticle.analyzeData(TcpVerticle.java:267)  - msg: {"cmd":"WATCHED_CHANGE","data":{"num":823,"text_small":"823","text_large":"823人看过"}}
[2022-08-03 12:16:06.142] [DEBUG] github.zimoyin.core.live.massage.vertx.TcpVerticle.lambda$completeHandle$0(TcpVerticle.java:133)  - 服务器响应实际长度 403 byte
[2022-08-03 12:16:06.143] [DEBUG] github.zimoyin.core.live.massage.vertx.TcpVerticle.lambda$completeHandle$0(TcpVerticle.java:134)  - Header{pageSize=403, headerSize=16, version=2, code=5, sequence=0}
[2022-08-03 12:16:06.144] [DEBUG] github.zimoyin.core.live.massage.vertx.TcpVerticle.analyzeData(TcpVerticle.java:267)  - msg: {"cmd":"INTERACT_WORD","data":{"contribution":{"grade":0},"dmscore":10,"fans_medal":{"anchor_roomid":5050,"guard_level":0,"icon_id":0,"is_lighted":1,"medal_color":6126494,"medal_color_border":6126494,"medal_color_end":6126494,"medal_color_start":6126494,"medal_level":7,"medal_name":"大母鹅","score":4300,"special":"","target_id":433351},"identities":[3,1],"is_spread":0,"msg_type":1,"privilege_type":0,"roomid":5050,"score":1659514463853,"spread_desc":"","spread_info":"","tail_icon":0,"timestamp":1659500163,"trigger_time":1659500162830264000,"uid":431677594,"uname":"狗屎拌饭_","uname_color":""}}
[2022-08-03 12:16:06.925] [DEBUG] github.zimoyin.core.live.massage.vertx.TcpVerticle.lambda$sendHeatLoop$2(TcpVerticle.java:303)  - 发送心跳
[2022-08-03 12:16:06.967] [DEBUG] github.zimoyin.core.live.massage.vertx.TcpVerticle.lambda$completeHandle$0(TcpVerticle.java:133)  - 服务器响应实际长度 20 byte
[2022-08-03 12:16:06.967] [DEBUG] github.zimoyin.core.live.massage.vertx.TcpVerticle.lambda$completeHandle$0(TcpVerticle.java:134)  - Header{pageSize=20, headerSize=16, version=2, code=3, sequence=0}
[2022-08-03 12:16:06.968] [DEBUG] github.zimoyin.core.live.massage.vertx.TcpVerticle.analyzeData(TcpVerticle.java:253)  - 人气：1
[2022-08-03 12:16:09.762] [DEBUG] github.zimoyin.core.live.massage.vertx.TcpVerticle.lambda$completeHandle$0(TcpVerticle.java:133)  - 服务器响应实际长度 1002 byte
[2022-08-03 12:16:09.762] [DEBUG] github.zimoyin.core.live.massage.vertx.TcpVerticle.lambda$completeHandle$0(TcpVerticle.java:134)  - Header{pageSize=1002, headerSize=16, version=2, code=5, sequence=0}
[2022-08-03 12:16:09.762] [DEBUG] github.zimoyin.core.live.massage.vertx.TcpVerticle.analyzeData(TcpVerticle.java:267)  - msg: {"cmd":"INTERACT_WORD","data":{"contribution":{"grade":0},"dmscore":2,"fans_medal":{"anchor_roomid":0,"guard_level":0,"icon_id":0,"is_lighted":0,"medal_color":0,"medal_color_border":0,"medal_color_end":0,"medal_color_start":0,"medal_level":0,"medal_name":"","score":0,"special":"","target_id":0},"identities":[1],"is_spread":0,"msg_type":1,"privilege_type":0,"roomid":5050,"score":1659500167395,"spread_desc":"","spread_info":"","tail_icon":0,"timestamp":1659500167,"trigger_time":1659500166326460000,"uid":64370,"uname":"三途河畔¨","uname_color":""}}
[2022-08-03 12:16:09.763] [DEBUG] github.zimoyin.core.live.massage.vertx.TcpVerticle.analyzeData(TcpVerticle.java:267)  - msg: {"cmd":"ONLINE_RANK_COUNT","data":{"count":4885}}
[2022-08-03 12:16:09.763] [DEBUG] github.zimoyin.core.live.massage.vertx.TcpVerticle.analyzeData(TcpVerticle.java:267)  - msg: {"cmd":"DANMU_MSG","info":[[0,1,25,5816798,1659500168554,0,0,"abadf56a",0,0,0,"",0,"{}","{}",{"mode":0,"show_player_type":0,"extra":"{\"send_from_me\":false,\"mode\":0,\"color\":5816798,\"dm_type\":0,\"font_size\":25,\"player_mode\":1,\"show_player_type\":0,\"content\":\"(｀・ω・´)\",\"user_hash\":\"2880304490\",\"emoticon_unique\":\"\",\"bulge_display\":0,\"recommend_score\":10,\"main_state_dm_color\":\"\",\"objective_state_dm_color\":\"\",\"direction\":0,\"pk_direction\":0,\"quartet_direction\":0,\"anniversary_crowd\":0,\"yeah_space_type\":\"\",\"yeah_space_url\":\"\",\"jump_to_url\":\"\",\"space_type\":\"\",\"space_url\":\"\"}"},{"activity_identity":"","activity_source":0,"not_show":0}],"(｀・ω・´)",[2338317,"冷月晓觉",0,0,0,10000,1,""],[17,"大母鹅","EdmundDZhang",5050,13081892,"",0,13081892,13081892,13081892,0,1,433351],[21,0,5805790,"\u003e50000",0],["",""],0,0,null,{"ts":1659500168,"ct":"8FA1B3FB"},0,0,null,null,0,63]}
[2022-08-03 12:16:09.764] [DEBUG] github.zimoyin.core.live.massage.vertx.TcpVerticle.analyzeData(TcpVerticle.java:267)  - msg: {"cmd":"LIVE_INTERACTIVE_GAME","data":{"type":2,"uid":2338317,"uname":"冷月晓觉","uface":"","gift_id":0,"gift_name":"","gift_num":0,"price":0,"paid":false,"msg":"(｀・ω・´)","fans_medal_level":17,"guard_level":0,"timestamp":1659500168,"anchor_lottery":null,"pk_info":null,"anchor_info":null}}
[2022-08-03 12:16:14.932] [DEBUG] github.zimoyin.core.live.massage.vertx.TcpVerticle.lambda$sendHeatLoop$2(TcpVerticle.java:303)  - 发送心跳
[2022-08-03 12:16:14.973] [DEBUG] github.zimoyin.core.live.massage.vertx.TcpVerticle.lambda$completeHandle$0(TcpVerticle.java:133)  - 服务器响应实际长度 20 byte
[2022-08-03 12:16:14.974] [DEBUG] github.zimoyin.core.live.massage.vertx.TcpVerticle.lambda$completeHandle$0(TcpVerticle.java:134)  - Header{pageSize=20, headerSize=16, version=2, code=3, sequence=0}
[2022-08-03 12:16:14.974] [DEBUG] github.zimoyin.core.live.massage.vertx.TcpVerticle.analyzeData(TcpVerticle.java:253)  - 人气：1
[2022-08-03 12:16:15.098] [DEBUG] github.zimoyin.core.live.massage.vertx.TcpVerticle.lambda$completeHandle$0(TcpVerticle.java:133)  - 服务器响应实际长度 88 byte
[2022-08-03 12:16:15.099] [DEBUG] github.zimoyin.core.live.massage.vertx.TcpVerticle.lambda$completeHandle$0(TcpVerticle.java:134)  - Header{pageSize=88, headerSize=16, version=2, code=5, sequence=0}
[2022-08-03 12:16:15.100] [DEBUG] github.zimoyin.core.live.massage.vertx.TcpVerticle.analyzeData(TcpVerticle.java:267)  - msg: {"cmd":"ONLINE_RANK_COUNT","data":{"count":4885}}
[2022-08-03 12:16:20.794] [DEBUG] github.zimoyin.core.live.massage.vertx.TcpVerticle.lambda$completeHandle$0(TcpVerticle.java:133)  - 服务器响应实际长度 159 byte
[2022-08-03 12:16:20.795] [DEBUG] github.zimoyin.core.live.massage.vertx.TcpVerticle.lambda$completeHandle$0(TcpVerticle.java:134)  - Header{pageSize=159, headerSize=16, version=2, code=5, sequence=0}
[2022-08-03 12:16:20.795] [DEBUG] github.zimoyin.core.live.massage.vertx.TcpVerticle.analyzeData(TcpVerticle.java:267)  - msg: {"cmd":"WATCHED_CHANGE","data":{"num":821,"text_small":"821","text_large":"821人看过"}}
[2022-08-03 12:16:20.795] [DEBUG] github.zimoyin.core.live.massage.vertx.TcpVerticle.analyzeData(TcpVerticle.java:267)  - msg: {"cmd":"ONLINE_RANK_COUNT","data":{"count":4885}}
[2022-08-03 12:16:22.767] [DEBUG] github.zimoyin.core.live.massage.vertx.TcpVerticle.lambda$completeHandle$0(TcpVerticle.java:133)  - 服务器响应实际长度 374 byte
[2022-08-03 12:16:22.768] [DEBUG] github.zimoyin.core.live.massage.vertx.TcpVerticle.lambda$completeHandle$0(TcpVerticle.java:134)  - Header{pageSize=374, headerSize=16, version=2, code=5, sequence=0}
[2022-08-03 12:16:22.768] [DEBUG] github.zimoyin.core.live.massage.vertx.TcpVerticle.analyzeData(TcpVerticle.java:267)  - msg: {"cmd":"INTERACT_WORD","data":{"contribution":{"grade":0},"dmscore":2,"fans_medal":{"anchor_roomid":0,"guard_level":0,"icon_id":0,"is_lighted":0,"medal_color":0,"medal_color_border":0,"medal_color_end":0,"medal_color_start":0,"medal_level":0,"medal_name":"","score":0,"special":"","target_id":0},"identities":[1],"is_spread":0,"msg_type":1,"privilege_type":0,"roomid":5050,"score":1659500180418,"spread_desc":"","spread_info":"","tail_icon":0,"timestamp":1659500180,"trigger_time":1659500179266434600,"uid":676592362,"uname":"脑抽逛B站","uname_color":""}}
[2022-08-03 12:16:22.933] [DEBUG] github.zimoyin.core.live.massage.vertx.TcpVerticle.lambda$sendHeatLoop$2(TcpVerticle.java:303)  - 发送心跳
[2022-08-03 12:16:22.981] [DEBUG] github.zimoyin.core.live.massage.vertx.TcpVerticle.lambda$completeHandle$0(TcpVerticle.java:133)  - 服务器响应实际长度 20 byte
[2022-08-03 12:16:22.982] [DEBUG] github.zimoyin.core.live.massage.vertx.TcpVerticle.lambda$completeHandle$0(TcpVerticle.java:134)  - Header{pageSize=20, headerSize=16, version=2, code=3, sequence=0}
[2022-08-03 12:16:22.982] [DEBUG] github.zimoyin.core.live.massage.vertx.TcpVerticle.analyzeData(TcpVerticle.java:253)  - 人气：1
[2022-08-03 12:16:23.996] [DEBUG] github.zimoyin.core.live.massage.vertx.TcpVerticle.lambda$completeHandle$0(TcpVerticle.java:133)  - 服务器响应实际长度 421 byte
[2022-08-03 12:16:23.996] [DEBUG] github.zimoyin.core.live.massage.vertx.TcpVerticle.lambda$completeHandle$0(TcpVerticle.java:134)  - Header{pageSize=421, headerSize=16, version=2, code=5, sequence=0}
[2022-08-03 12:16:23.997] [DEBUG] github.zimoyin.core.live.massage.vertx.TcpVerticle.analyzeData(TcpVerticle.java:267)  - msg: {"cmd":"INTERACT_WORD","data":{"contribution":{"grade":0},"dmscore":14,"fans_medal":{"anchor_roomid":5050,"guard_level":0,"icon_id":0,"is_lighted":1,"medal_color":12478086,"medal_color_border":12478086,"medal_color_end":12478086,"medal_color_start":12478086,"medal_level":14,"medal_name":"大母鹅","score":47009,"special":"","target_id":433351},"identities":[3,1],"is_spread":0,"msg_type":1,"privilege_type":0,"roomid":5050,"score":1659557190639,"spread_desc":"","spread_info":"","tail_icon":0,"timestamp":1659500181,"trigger_time":1659500180571368200,"uid":28102845,"uname":"石头的怦然心动","uname_color":""}}
[2022-08-03 12:16:26.043] [DEBUG] github.zimoyin.core.live.massage.vertx.TcpVerticle.lambda$completeHandle$0(TcpVerticle.java:133)  - 服务器响应实际长度 88 byte
[2022-08-03 12:16:26.044] [DEBUG] github.zimoyin.core.live.massage.vertx.TcpVerticle.lambda$completeHandle$0(TcpVerticle.java:134)  - Header{pageSize=88, headerSize=16, version=2, code=5, sequence=0}
[2022-08-03 12:16:26.044] [DEBUG] github.zimoyin.core.live.massage.vertx.TcpVerticle.analyzeData(TcpVerticle.java:267)  - msg: {"cmd":"ONLINE_RANK_COUNT","data":{"count":4886}}
[2022-08-03 12:16:27.139] [DEBUG] github.zimoyin.core.live.massage.vertx.TcpVerticle.lambda$completeHandle$0(TcpVerticle.java:133)  - 服务器响应实际长度 393 byte
[2022-08-03 12:16:27.139] [DEBUG] github.zimoyin.core.live.massage.vertx.TcpVerticle.lambda$completeHandle$0(TcpVerticle.java:134)  - Header{pageSize=393, headerSize=16, version=2, code=5, sequence=0}
[2022-08-03 12:16:27.140] [DEBUG] github.zimoyin.core.live.massage.vertx.TcpVerticle.analyzeData(TcpVerticle.java:267)  - msg: {"cmd":"INTERACT_WORD","data":{"contribution":{"grade":0},"dmscore":2,"fans_medal":{"anchor_roomid":0,"guard_level":0,"icon_id":0,"is_lighted":0,"medal_color":0,"medal_color_border":0,"medal_color_end":0,"medal_color_start":0,"medal_level":0,"medal_name":"","score":0,"special":"","target_id":0},"identities":[1],"is_spread":0,"msg_type":1,"privilege_type":0,"roomid":5050,"score":1659500184851,"spread_desc":"","spread_info":"","tail_icon":0,"timestamp":1659500184,"trigger_time":1659500183743736800,"uid":1986105185,"uname":"二O柒1六楞气泗六六玖1","uname_color":""}}
[2022-08-03 12:16:29.604] [DEBUG] github.zimoyin.core.live.massage.vertx.TcpVerticle.lambda$completeHandle$0(TcpVerticle.java:133)  - 服务器响应实际长度 887 byte
[2022-08-03 12:16:29.604] [DEBUG] github.zimoyin.core.live.massage.vertx.TcpVerticle.lambda$completeHandle$0(TcpVerticle.java:134)  - Header{pageSize=887, headerSize=16, version=0, code=5, sequence=0}
[2022-08-03 12:16:29.604] [DEBUG] github.zimoyin.core.live.massage.vertx.TcpVerticle.analyzeData(TcpVerticle.java:267)  - msg: {"cmd":"STOP_LIVE_ROOM_LIST","data":{"room_id_list":[2296521,24231734,25027883,25638297,8962611,23036547,25606486,25655563,5805322,23265562,24442216,24652184,25652689,21378199,25365583,491739,24077084,25655686,4473229,1708990,24939476,25488750,3720144,11822576,22522344,23289845,25332308,25629317,42714,13269554,24130488,25516721,25655841,23062507,23937593,2439831,25518713,322478,8039642,14417408,177646,24951129,2088581,22718753,14371,25194213,25371594,1295527,22201916,24922155,1050284,24739834,25655853,25643478,7649109,24454818,24719044,1210026,14405517,23410368,5943679,24171199,297093,1151294,21563013,23135770,23236539,3318303,7348110,11032876,24328635,25655854,594461,11975996,171535,23128465,23178177,23480477,24603472,25637376,2565772,1481654,23378570,23763858,23911851,25143491,307863,21613819,24251035,21181660,21425952,25053889,24376595,21054683,22402190]}}
[2022-08-03 12:16:30.825] [DEBUG] github.zimoyin.core.live.massage.vertx.TcpVerticle.lambda$completeHandle$0(TcpVerticle.java:133)  - 服务器响应实际长度 121 byte
[2022-08-03 12:16:30.825] [DEBUG] github.zimoyin.core.live.massage.vertx.TcpVerticle.lambda$completeHandle$0(TcpVerticle.java:134)  - Header{pageSize=121, headerSize=16, version=2, code=5, sequence=0}
[2022-08-03 12:16:30.825] [DEBUG] github.zimoyin.core.live.massage.vertx.TcpVerticle.analyzeData(TcpVerticle.java:267)  - msg: {"cmd":"WATCHED_CHANGE","data":{"num":821,"text_small":"821","text_large":"821人看过"}}
[2022-08-03 12:16:30.948] [DEBUG] github.zimoyin.core.live.massage.vertx.TcpVerticle.lambda$sendHeatLoop$2(TcpVerticle.java:303)  - 发送心跳
[2022-08-03 12:16:30.991] [DEBUG] github.zimoyin.core.live.massage.vertx.TcpVerticle.lambda$completeHandle$0(TcpVerticle.java:133)  - 服务器响应实际长度 20 byte
[2022-08-03 12:16:30.991] [DEBUG] github.zimoyin.core.live.massage.vertx.TcpVerticle.lambda$completeHandle$0(TcpVerticle.java:134)  - Header{pageSize=20, headerSize=16, version=2, code=3, sequence=0}
[2022-08-03 12:16:30.992] [DEBUG] github.zimoyin.core.live.massage.vertx.TcpVerticle.analyzeData(TcpVerticle.java:253)  - 人气：1
[2022-08-03 12:16:32.289] [DEBUG] github.zimoyin.core.live.massage.vertx.TcpVerticle.lambda$completeHandle$0(TcpVerticle.java:133)  - 服务器响应实际长度 398 byte
[2022-08-03 12:16:32.289] [DEBUG] github.zimoyin.core.live.massage.vertx.TcpVerticle.lambda$completeHandle$0(TcpVerticle.java:134)  - Header{pageSize=398, headerSize=16, version=2, code=5, sequence=0}
[2022-08-03 12:16:32.291] [DEBUG] github.zimoyin.core.live.massage.vertx.TcpVerticle.analyzeData(TcpVerticle.java:267)  - msg: {"cmd":"ONLINE_RANK_COUNT","data":{"count":4886}}
[2022-08-03 12:16:32.291] [DEBUG] github.zimoyin.core.live.massage.vertx.TcpVerticle.analyzeData(TcpVerticle.java:267)  - msg: {"cmd":"INTERACT_WORD","data":{"contribution":{"grade":0},"dmscore":2,"fans_medal":{"anchor_roomid":0,"guard_level":0,"icon_id":0,"is_lighted":0,"medal_color":0,"medal_color_border":0,"medal_color_end":0,"medal_color_start":0,"medal_level":0,"medal_name":"","score":0,"special":"","target_id":0},"identities":[1],"is_spread":0,"msg_type":1,"privilege_type":0,"roomid":5050,"score":1659500190494,"spread_desc":"","spread_info":"","tail_icon":0,"timestamp":1659500190,"trigger_time":1659500189432399400,"uid":11708343,"uname":"天绮雪","uname_color":""}}
[2022-08-03 12:16:36.798] [DEBUG] github.zimoyin.core.live.massage.vertx.TcpVerticle.lambda$completeHandle$0(TcpVerticle.java:133)  - 服务器响应实际长度 487 byte
[2022-08-03 12:16:36.798] [DEBUG] github.zimoyin.core.live.massage.vertx.TcpVerticle.lambda$completeHandle$0(TcpVerticle.java:134)  - Header{pageSize=487, headerSize=16, version=2, code=5, sequence=0}
[2022-08-03 12:16:36.799] [DEBUG] github.zimoyin.core.live.massage.vertx.TcpVerticle.analyzeData(TcpVerticle.java:267)  - msg: {"cmd":"WATCHED_CHANGE","data":{"num":821,"text_small":"821","text_large":"821人看过"}}
[2022-08-03 12:16:36.799] [DEBUG] github.zimoyin.core.live.massage.vertx.TcpVerticle.analyzeData(TcpVerticle.java:267)  - msg: {"cmd":"INTERACT_WORD","data":{"contribution":{"grade":0},"dmscore":18,"fans_medal":{"anchor_roomid":5050,"guard_level":0,"icon_id":0,"is_lighted":0,"medal_color":12632256,"medal_color_border":12632256,"medal_color_end":12632256,"medal_color_start":12632256,"medal_level":24,"medal_name":"大母鹅","score":50014415,"special":"","target_id":433351},"identities":[1],"is_spread":0,"msg_type":1,"privilege_type":0,"roomid":5050,"score":1659500195115,"spread_desc":"","spread_info":"","tail_icon":0,"timestamp":1659500195,"trigger_time":1659500194054554000,"uid":1612792,"uname":"旖陌","uname_color":""}}
[2022-08-03 12:16:36.799] [DEBUG] github.zimoyin.core.live.massage.vertx.TcpVerticle.analyzeData(TcpVerticle.java:267)  - msg: {"cmd":"ONLINE_RANK_COUNT","data":{"count":4886}}
