[2022-08-01 23:08:47.820] [WARN ]  io.vertx.core.impl.BlockedThreadChecker - Thread Thread[my-worker-pool-0,5,main] has been blocked for 60733 ms, time limit is 60000 ms
io.vertx.core.VertxException: Thread blocked
	at java.lang.Thread.sleep(Native Method) ~[?:1.8.0_181]
	at github.zimoyin.core.live.massage.vertx.TcpVerticle.lambda$null$0(TcpVerticle.java:58) ~[classes/:?]
	at github.zimoyin.core.live.massage.vertx.TcpVerticle$$Lambda$72/18368078.handle(Unknown Source) ~[?:?]
	at io.vertx.core.impl.ContextBase.lambda$null$0(ContextBase.java:137) ~[vertx-core-4.3.2.jar:4.3.2]
	at io.vertx.core.impl.ContextBase$$Lambda$75/1752956173.handle(Unknown Source) ~[?:?]
	at io.vertx.core.impl.ContextInternal.dispatch(ContextInternal.java:264) ~[vertx-core-4.3.2.jar:4.3.2]
	at io.vertx.core.impl.ContextBase.lambda$executeBlocking$1(ContextBase.java:135) ~[vertx-core-4.3.2.jar:4.3.2]
	at io.vertx.core.impl.ContextBase$$Lambda$73/1008412695.run(Unknown Source) ~[?:?]
	at io.vertx.core.impl.TaskQueue.run(TaskQueue.java:76) ~[vertx-core-4.3.2.jar:4.3.2]
	at io.vertx.core.impl.TaskQueue$$Lambda$46/2118255842.run(Unknown Source) ~[?:?]
	at java.util.concurrent.ThreadPoolExecutor.runWorker(ThreadPoolExecutor.java:1149) ~[?:1.8.0_181]
	at java.util.concurrent.ThreadPoolExecutor$Worker.run(ThreadPoolExecutor.java:624) ~[?:1.8.0_181]
	at io.netty.util.concurrent.FastThreadLocalRunnable.run(FastThreadLocalRunnable.java:30) ~[netty-common-4.1.78.Final.jar:4.1.78.Final]
	at java.lang.Thread.run(Thread.java:748) ~[?:1.8.0_181]
[2022-08-01 23:08:48.827] [WARN ]  io.vertx.core.impl.BlockedThreadChecker - Thread Thread[my-worker-pool-0,5,main] has been blocked for 61742 ms, time limit is 60000 ms
io.vertx.core.VertxException: Thread blocked
	at java.lang.Thread.sleep(Native Method) ~[?:1.8.0_181]
	at github.zimoyin.core.live.massage.vertx.TcpVerticle.lambda$null$0(TcpVerticle.java:58) ~[classes/:?]
	at github.zimoyin.core.live.massage.vertx.TcpVerticle$$Lambda$72/18368078.handle(Unknown Source) ~[?:?]
	at io.vertx.core.impl.ContextBase.lambda$null$0(ContextBase.java:137) ~[vertx-core-4.3.2.jar:4.3.2]
	at io.vertx.core.impl.ContextBase$$Lambda$75/1752956173.handle(Unknown Source) ~[?:?]
	at io.vertx.core.impl.ContextInternal.dispatch(ContextInternal.java:264) ~[vertx-core-4.3.2.jar:4.3.2]
	at io.vertx.core.impl.ContextBase.lambda$executeBlocking$1(ContextBase.java:135) ~[vertx-core-4.3.2.jar:4.3.2]
	at io.vertx.core.impl.ContextBase$$Lambda$73/1008412695.run(Unknown Source) ~[?:?]
	at io.vertx.core.impl.TaskQueue.run(TaskQueue.java:76) ~[vertx-core-4.3.2.jar:4.3.2]
	at io.vertx.core.impl.TaskQueue$$Lambda$46/2118255842.run(Unknown Source) ~[?:?]
	at java.util.concurrent.ThreadPoolExecutor.runWorker(ThreadPoolExecutor.java:1149) ~[?:1.8.0_181]
	at java.util.concurrent.ThreadPoolExecutor$Worker.run(ThreadPoolExecutor.java:624) ~[?:1.8.0_181]
	at io.netty.util.concurrent.FastThreadLocalRunnable.run(FastThreadLocalRunnable.java:30) ~[netty-common-4.1.78.Final.jar:4.1.78.Final]
	at java.lang.Thread.run(Thread.java:748) ~[?:1.8.0_181]
[2022-08-01 23:08:49.839] [WARN ]  io.vertx.core.impl.BlockedThreadChecker - Thread Thread[my-worker-pool-0,5,main] has been blocked for 62755 ms, time limit is 60000 ms
io.vertx.core.VertxException: Thread blocked
	at java.lang.Thread.sleep(Native Method) ~[?:1.8.0_181]
	at github.zimoyin.core.live.massage.vertx.TcpVerticle.lambda$null$0(TcpVerticle.java:58) ~[classes/:?]
	at github.zimoyin.core.live.massage.vertx.TcpVerticle$$Lambda$72/18368078.handle(Unknown Source) ~[?:?]
	at io.vertx.core.impl.ContextBase.lambda$null$0(ContextBase.java:137) ~[vertx-core-4.3.2.jar:4.3.2]
	at io.vertx.core.impl.ContextBase$$Lambda$75/1752956173.handle(Unknown Source) ~[?:?]
	at io.vertx.core.impl.ContextInternal.dispatch(ContextInternal.java:264) ~[vertx-core-4.3.2.jar:4.3.2]
	at io.vertx.core.impl.ContextBase.lambda$executeBlocking$1(ContextBase.java:135) ~[vertx-core-4.3.2.jar:4.3.2]
	at io.vertx.core.impl.ContextBase$$Lambda$73/1008412695.run(Unknown Source) ~[?:?]
	at io.vertx.core.impl.TaskQueue.run(TaskQueue.java:76) ~[vertx-core-4.3.2.jar:4.3.2]
	at io.vertx.core.impl.TaskQueue$$Lambda$46/2118255842.run(Unknown Source) ~[?:?]
	at java.util.concurrent.ThreadPoolExecutor.runWorker(ThreadPoolExecutor.java:1149) ~[?:1.8.0_181]
	at java.util.concurrent.ThreadPoolExecutor$Worker.run(ThreadPoolExecutor.java:624) ~[?:1.8.0_181]
	at io.netty.util.concurrent.FastThreadLocalRunnable.run(FastThreadLocalRunnable.java:30) ~[netty-common-4.1.78.Final.jar:4.1.78.Final]
	at java.lang.Thread.run(Thread.java:748) ~[?:1.8.0_181]
[2022-08-01 23:08:50.847] [WARN ]  io.vertx.core.impl.BlockedThreadChecker - Thread Thread[my-worker-pool-0,5,main] has been blocked for 63762 ms, time limit is 60000 ms
io.vertx.core.VertxException: Thread blocked
	at java.lang.Thread.sleep(Native Method) ~[?:1.8.0_181]
	at github.zimoyin.core.live.massage.vertx.TcpVerticle.lambda$null$0(TcpVerticle.java:58) ~[classes/:?]
	at github.zimoyin.core.live.massage.vertx.TcpVerticle$$Lambda$72/18368078.handle(Unknown Source) ~[?:?]
	at io.vertx.core.impl.ContextBase.lambda$null$0(ContextBase.java:137) ~[vertx-core-4.3.2.jar:4.3.2]
	at io.vertx.core.impl.ContextBase$$Lambda$75/1752956173.handle(Unknown Source) ~[?:?]
	at io.vertx.core.impl.ContextInternal.dispatch(ContextInternal.java:264) ~[vertx-core-4.3.2.jar:4.3.2]
	at io.vertx.core.impl.ContextBase.lambda$executeBlocking$1(ContextBase.java:135) ~[vertx-core-4.3.2.jar:4.3.2]
	at io.vertx.core.impl.ContextBase$$Lambda$73/1008412695.run(Unknown Source) ~[?:?]
	at io.vertx.core.impl.TaskQueue.run(TaskQueue.java:76) ~[vertx-core-4.3.2.jar:4.3.2]
	at io.vertx.core.impl.TaskQueue$$Lambda$46/2118255842.run(Unknown Source) ~[?:?]
	at java.util.concurrent.ThreadPoolExecutor.runWorker(ThreadPoolExecutor.java:1149) ~[?:1.8.0_181]
	at java.util.concurrent.ThreadPoolExecutor$Worker.run(ThreadPoolExecutor.java:624) ~[?:1.8.0_181]
	at io.netty.util.concurrent.FastThreadLocalRunnable.run(FastThreadLocalRunnable.java:30) ~[netty-common-4.1.78.Final.jar:4.1.78.Final]
	at java.lang.Thread.run(Thread.java:748) ~[?:1.8.0_181]
[2022-08-01 23:08:51.862] [WARN ]  io.vertx.core.impl.BlockedThreadChecker - Thread Thread[my-worker-pool-0,5,main] has been blocked for 64778 ms, time limit is 60000 ms
io.vertx.core.VertxException: Thread blocked
	at java.lang.Thread.sleep(Native Method) ~[?:1.8.0_181]
	at github.zimoyin.core.live.massage.vertx.TcpVerticle.lambda$null$0(TcpVerticle.java:58) ~[classes/:?]
	at github.zimoyin.core.live.massage.vertx.TcpVerticle$$Lambda$72/18368078.handle(Unknown Source) ~[?:?]
	at io.vertx.core.impl.ContextBase.lambda$null$0(ContextBase.java:137) ~[vertx-core-4.3.2.jar:4.3.2]
	at io.vertx.core.impl.ContextBase$$Lambda$75/1752956173.handle(Unknown Source) ~[?:?]
	at io.vertx.core.impl.ContextInternal.dispatch(ContextInternal.java:264) ~[vertx-core-4.3.2.jar:4.3.2]
	at io.vertx.core.impl.ContextBase.lambda$executeBlocking$1(ContextBase.java:135) ~[vertx-core-4.3.2.jar:4.3.2]
	at io.vertx.core.impl.ContextBase$$Lambda$73/1008412695.run(Unknown Source) ~[?:?]
	at io.vertx.core.impl.TaskQueue.run(TaskQueue.java:76) ~[vertx-core-4.3.2.jar:4.3.2]
	at io.vertx.core.impl.TaskQueue$$Lambda$46/2118255842.run(Unknown Source) ~[?:?]
	at java.util.concurrent.ThreadPoolExecutor.runWorker(ThreadPoolExecutor.java:1149) ~[?:1.8.0_181]
	at java.util.concurrent.ThreadPoolExecutor$Worker.run(ThreadPoolExecutor.java:624) ~[?:1.8.0_181]
	at io.netty.util.concurrent.FastThreadLocalRunnable.run(FastThreadLocalRunnable.java:30) ~[netty-common-4.1.78.Final.jar:4.1.78.Final]
	at java.lang.Thread.run(Thread.java:748) ~[?:1.8.0_181]
[2022-08-01 23:08:52.864] [WARN ]  io.vertx.core.impl.BlockedThreadChecker - Thread Thread[my-worker-pool-0,5,main] has been blocked for 65779 ms, time limit is 60000 ms
io.vertx.core.VertxException: Thread blocked
	at java.lang.Thread.sleep(Native Method) ~[?:1.8.0_181]
	at github.zimoyin.core.live.massage.vertx.TcpVerticle.lambda$null$0(TcpVerticle.java:58) ~[classes/:?]
	at github.zimoyin.core.live.massage.vertx.TcpVerticle$$Lambda$72/18368078.handle(Unknown Source) ~[?:?]
	at io.vertx.core.impl.ContextBase.lambda$null$0(ContextBase.java:137) ~[vertx-core-4.3.2.jar:4.3.2]
	at io.vertx.core.impl.ContextBase$$Lambda$75/1752956173.handle(Unknown Source) ~[?:?]
	at io.vertx.core.impl.ContextInternal.dispatch(ContextInternal.java:264) ~[vertx-core-4.3.2.jar:4.3.2]
	at io.vertx.core.impl.ContextBase.lambda$executeBlocking$1(ContextBase.java:135) ~[vertx-core-4.3.2.jar:4.3.2]
	at io.vertx.core.impl.ContextBase$$Lambda$73/1008412695.run(Unknown Source) ~[?:?]
	at io.vertx.core.impl.TaskQueue.run(TaskQueue.java:76) ~[vertx-core-4.3.2.jar:4.3.2]
	at io.vertx.core.impl.TaskQueue$$Lambda$46/2118255842.run(Unknown Source) ~[?:?]
	at java.util.concurrent.ThreadPoolExecutor.runWorker(ThreadPoolExecutor.java:1149) ~[?:1.8.0_181]
	at java.util.concurrent.ThreadPoolExecutor$Worker.run(ThreadPoolExecutor.java:624) ~[?:1.8.0_181]
	at io.netty.util.concurrent.FastThreadLocalRunnable.run(FastThreadLocalRunnable.java:30) ~[netty-common-4.1.78.Final.jar:4.1.78.Final]
	at java.lang.Thread.run(Thread.java:748) ~[?:1.8.0_181]
[2022-08-01 23:08:53.875] [WARN ]  io.vertx.core.impl.BlockedThreadChecker - Thread Thread[my-worker-pool-0,5,main] has been blocked for 66791 ms, time limit is 60000 ms
io.vertx.core.VertxException: Thread blocked
	at java.lang.Thread.sleep(Native Method) ~[?:1.8.0_181]
	at github.zimoyin.core.live.massage.vertx.TcpVerticle.lambda$null$0(TcpVerticle.java:58) ~[classes/:?]
	at github.zimoyin.core.live.massage.vertx.TcpVerticle$$Lambda$72/18368078.handle(Unknown Source) ~[?:?]
	at io.vertx.core.impl.ContextBase.lambda$null$0(ContextBase.java:137) ~[vertx-core-4.3.2.jar:4.3.2]
	at io.vertx.core.impl.ContextBase$$Lambda$75/1752956173.handle(Unknown Source) ~[?:?]
	at io.vertx.core.impl.ContextInternal.dispatch(ContextInternal.java:264) ~[vertx-core-4.3.2.jar:4.3.2]
	at io.vertx.core.impl.ContextBase.lambda$executeBlocking$1(ContextBase.java:135) ~[vertx-core-4.3.2.jar:4.3.2]
	at io.vertx.core.impl.ContextBase$$Lambda$73/1008412695.run(Unknown Source) ~[?:?]
	at io.vertx.core.impl.TaskQueue.run(TaskQueue.java:76) ~[vertx-core-4.3.2.jar:4.3.2]
	at io.vertx.core.impl.TaskQueue$$Lambda$46/2118255842.run(Unknown Source) ~[?:?]
	at java.util.concurrent.ThreadPoolExecutor.runWorker(ThreadPoolExecutor.java:1149) ~[?:1.8.0_181]
	at java.util.concurrent.ThreadPoolExecutor$Worker.run(ThreadPoolExecutor.java:624) ~[?:1.8.0_181]
	at io.netty.util.concurrent.FastThreadLocalRunnable.run(FastThreadLocalRunnable.java:30) ~[netty-common-4.1.78.Final.jar:4.1.78.Final]
	at java.lang.Thread.run(Thread.java:748) ~[?:1.8.0_181]
