[2022-08-01 20:17:55.882] [ERROR] github.zimoyin.core.live.massage.vertx.TcpVerticle.lambda$start$1(TcpVerticle.java:30) github.zimoyin.core.live.massage.vertx.TcpVerticle - WebSocket starting failure in tx-gz-live-comet-01.chat.bilibili.com:2244
java.net.BindException: Cannot assign requested address: bind
	at sun.nio.ch.Net.bind0(Native Method) ~[?:1.8.0_181]
	at sun.nio.ch.Net.bind(Net.java:433) ~[?:1.8.0_181]
	at sun.nio.ch.DatagramChannelImpl.bind(DatagramChannelImpl.java:691) ~[?:1.8.0_181]
	at io.netty.util.internal.SocketUtils$6.run(SocketUtils.java:133) ~[netty-common-4.1.78.Final.jar:4.1.78.Final]
	at io.netty.util.internal.SocketUtils$6.run(SocketUtils.java:130) ~[netty-common-4.1.78.Final.jar:4.1.78.Final]
	at java.security.AccessController.doPrivileged(Native Method) ~[?:1.8.0_181]
	at io.netty.util.internal.SocketUtils.bind(SocketUtils.java:130) ~[netty-common-4.1.78.Final.jar:4.1.78.Final]
	at io.netty.channel.socket.nio.NioDatagramChannel.doBind0(NioDatagramChannel.java:201) ~[netty-transport-4.1.78.Final.jar:4.1.78.Final]
	at io.netty.channel.socket.nio.NioDatagramChannel.doBind(NioDatagramChannel.java:196) ~[netty-transport-4.1.78.Final.jar:4.1.78.Final]
	at io.netty.channel.AbstractChannel$AbstractUnsafe.bind(AbstractChannel.java:562) ~[netty-transport-4.1.78.Final.jar:4.1.78.Final]
	at io.netty.channel.DefaultChannelPipeline$HeadContext.bind(DefaultChannelPipeline.java:1334) ~[netty-transport-4.1.78.Final.jar:4.1.78.Final]
	at io.netty.channel.AbstractChannelHandlerContext.invokeBind(AbstractChannelHandlerContext.java:506) ~[netty-transport-4.1.78.Final.jar:4.1.78.Final]
	at io.netty.channel.AbstractChannelHandlerContext.bind(AbstractChannelHandlerContext.java:491) ~[netty-transport-4.1.78.Final.jar:4.1.78.Final]
	at io.netty.channel.AbstractChannelHandlerContext.bind(AbstractChannelHandlerContext.java:452) ~[netty-transport-4.1.78.Final.jar:4.1.78.Final]
	at io.netty.channel.DefaultChannelPipeline.bind(DefaultChannelPipeline.java:937) ~[netty-transport-4.1.78.Final.jar:4.1.78.Final]
	at io.netty.channel.AbstractChannel.bind(AbstractChannel.java:224) ~[netty-transport-4.1.78.Final.jar:4.1.78.Final]
	at io.vertx.core.datagram.impl.DatagramSocketImpl.lambda$listen$1(DatagramSocketImpl.java:313) ~[vertx-core-4.3.2.jar:4.3.2]
	at io.netty.util.concurrent.DefaultPromise.notifyListener0(DefaultPromise.java:578) ~[netty-common-4.1.78.Final.jar:4.1.78.Final]
	at io.netty.util.concurrent.DefaultPromise.notifyListenersNow(DefaultPromise.java:552) ~[netty-common-4.1.78.Final.jar:4.1.78.Final]
	at io.netty.util.concurrent.DefaultPromise.notifyListeners(DefaultPromise.java:491) ~[netty-common-4.1.78.Final.jar:4.1.78.Final]
	at io.netty.util.concurrent.DefaultPromise.setValue0(DefaultPromise.java:616) ~[netty-common-4.1.78.Final.jar:4.1.78.Final]
	at io.netty.util.concurrent.DefaultPromise.setSuccess0(DefaultPromise.java:605) ~[netty-common-4.1.78.Final.jar:4.1.78.Final]
	at io.netty.util.concurrent.DefaultPromise.setSuccess(DefaultPromise.java:96) ~[netty-common-4.1.78.Final.jar:4.1.78.Final]
	at io.netty.resolver.InetSocketAddressResolver$1.operationComplete(InetSocketAddressResolver.java:60) ~[netty-resolver-4.1.78.Final.jar:4.1.78.Final]
	at io.netty.util.concurrent.DefaultPromise.notifyListener0(DefaultPromise.java:578) ~[netty-common-4.1.78.Final.jar:4.1.78.Final]
	at io.netty.util.concurrent.DefaultPromise.notifyListeners0(DefaultPromise.java:571) ~[netty-common-4.1.78.Final.jar:4.1.78.Final]
	at io.netty.util.concurrent.DefaultPromise.notifyListenersNow(DefaultPromise.java:550) ~[netty-common-4.1.78.Final.jar:4.1.78.Final]
	at io.netty.util.concurrent.DefaultPromise.notifyListeners(DefaultPromise.java:491) ~[netty-common-4.1.78.Final.jar:4.1.78.Final]
	at io.netty.util.concurrent.DefaultPromise.setValue0(DefaultPromise.java:616) ~[netty-common-4.1.78.Final.jar:4.1.78.Final]
	at io.netty.util.concurrent.DefaultPromise.setSuccess0(DefaultPromise.java:605) ~[netty-common-4.1.78.Final.jar:4.1.78.Final]
	at io.netty.util.concurrent.DefaultPromise.trySuccess(DefaultPromise.java:104) ~[netty-common-4.1.78.Final.jar:4.1.78.Final]
	at io.netty.resolver.dns.DnsNameResolver.trySuccess(DnsNameResolver.java:1009) ~[netty-resolver-dns-4.1.78.Final.jar:4.1.78.Final]
	at io.netty.resolver.dns.DnsNameResolver$6.operationComplete(DnsNameResolver.java:1038) ~[netty-resolver-dns-4.1.78.Final.jar:4.1.78.Final]
	at io.netty.util.concurrent.DefaultPromise.notifyListener0(DefaultPromise.java:578) ~[netty-common-4.1.78.Final.jar:4.1.78.Final]
	at io.netty.util.concurrent.DefaultPromise.notifyListenersNow(DefaultPromise.java:552) ~[netty-common-4.1.78.Final.jar:4.1.78.Final]
	at io.netty.util.concurrent.DefaultPromise.notifyListeners(DefaultPromise.java:491) ~[netty-common-4.1.78.Final.jar:4.1.78.Final]
	at io.netty.util.concurrent.DefaultPromise.setValue0(DefaultPromise.java:616) ~[netty-common-4.1.78.Final.jar:4.1.78.Final]
	at io.netty.util.concurrent.DefaultPromise.setSuccess0(DefaultPromise.java:605) ~[netty-common-4.1.78.Final.jar:4.1.78.Final]
	at io.netty.util.concurrent.DefaultPromise.trySuccess(DefaultPromise.java:104) ~[netty-common-4.1.78.Final.jar:4.1.78.Final]
	at io.netty.resolver.dns.DnsNameResolver.trySuccess(DnsNameResolver.java:1009) ~[netty-resolver-dns-4.1.78.Final.jar:4.1.78.Final]
	at io.netty.resolver.dns.DnsResolveContext.finishResolve(DnsResolveContext.java:1021) ~[netty-resolver-dns-4.1.78.Final.jar:4.1.78.Final]
	at io.netty.resolver.dns.DnsResolveContext.tryToFinishResolve(DnsResolveContext.java:1000) ~[netty-resolver-dns-4.1.78.Final.jar:4.1.78.Final]
	at io.netty.resolver.dns.DnsResolveContext.access$700(DnsResolveContext.java:66) ~[netty-resolver-dns-4.1.78.Final.jar:4.1.78.Final]
	at io.netty.resolver.dns.DnsResolveContext$2.operationComplete(DnsResolveContext.java:471) ~[netty-resolver-dns-4.1.78.Final.jar:4.1.78.Final]
	at io.netty.util.concurrent.DefaultPromise.notifyListener0(DefaultPromise.java:578) ~[netty-common-4.1.78.Final.jar:4.1.78.Final]
	at io.netty.util.concurrent.DefaultPromise.notifyListeners0(DefaultPromise.java:571) ~[netty-common-4.1.78.Final.jar:4.1.78.Final]
	at io.netty.util.concurrent.DefaultPromise.notifyListenersNow(DefaultPromise.java:550) ~[netty-common-4.1.78.Final.jar:4.1.78.Final]
	at io.netty.util.concurrent.DefaultPromise.notifyListeners(DefaultPromise.java:491) ~[netty-common-4.1.78.Final.jar:4.1.78.Final]
	at io.netty.util.concurrent.DefaultPromise.setValue0(DefaultPromise.java:616) ~[netty-common-4.1.78.Final.jar:4.1.78.Final]
	at io.netty.util.concurrent.DefaultPromise.setSuccess0(DefaultPromise.java:605) ~[netty-common-4.1.78.Final.jar:4.1.78.Final]
	at io.netty.util.concurrent.DefaultPromise.trySuccess(DefaultPromise.java:104) ~[netty-common-4.1.78.Final.jar:4.1.78.Final]
	at io.netty.resolver.dns.DnsQueryContext.trySuccess(DnsQueryContext.java:232) ~[netty-resolver-dns-4.1.78.Final.jar:4.1.78.Final]
	at io.netty.resolver.dns.DnsQueryContext.finish(DnsQueryContext.java:224) ~[netty-resolver-dns-4.1.78.Final.jar:4.1.78.Final]
	at io.netty.resolver.dns.DnsNameResolver$DnsResponseHandler.channelRead(DnsNameResolver.java:1314) ~[netty-resolver-dns-4.1.78.Final.jar:4.1.78.Final]
	at io.netty.channel.AbstractChannelHandlerContext.invokeChannelRead(AbstractChannelHandlerContext.java:379) ~[netty-transport-4.1.78.Final.jar:4.1.78.Final]
	at io.netty.channel.AbstractChannelHandlerContext.invokeChannelRead(AbstractChannelHandlerContext.java:365) ~[netty-transport-4.1.78.Final.jar:4.1.78.Final]
	at io.netty.channel.AbstractChannelHandlerContext.fireChannelRead(AbstractChannelHandlerContext.java:357) ~[netty-transport-4.1.78.Final.jar:4.1.78.Final]
	at io.netty.handler.codec.MessageToMessageDecoder.channelRead(MessageToMessageDecoder.java:103) ~[netty-codec-4.1.78.Final.jar:4.1.78.Final]
	at io.netty.channel.AbstractChannelHandlerContext.invokeChannelRead(AbstractChannelHandlerContext.java:379) ~[netty-transport-4.1.78.Final.jar:4.1.78.Final]
	at io.netty.channel.AbstractChannelHandlerContext.invokeChannelRead(AbstractChannelHandlerContext.java:365) ~[netty-transport-4.1.78.Final.jar:4.1.78.Final]
	at io.netty.channel.AbstractChannelHandlerContext.fireChannelRead(AbstractChannelHandlerContext.java:357) ~[netty-transport-4.1.78.Final.jar:4.1.78.Final]
	at io.netty.channel.DefaultChannelPipeline$HeadContext.channelRead(DefaultChannelPipeline.java:1410) ~[netty-transport-4.1.78.Final.jar:4.1.78.Final]
	at io.netty.channel.AbstractChannelHandlerContext.invokeChannelRead(AbstractChannelHandlerContext.java:379) ~[netty-transport-4.1.78.Final.jar:4.1.78.Final]
	at io.netty.channel.AbstractChannelHandlerContext.invokeChannelRead(AbstractChannelHandlerContext.java:365) ~[netty-transport-4.1.78.Final.jar:4.1.78.Final]
	at io.netty.channel.DefaultChannelPipeline.fireChannelRead(DefaultChannelPipeline.java:919) ~[netty-transport-4.1.78.Final.jar:4.1.78.Final]
	at io.netty.channel.nio.AbstractNioMessageChannel$NioMessageUnsafe.read(AbstractNioMessageChannel.java:97) ~[netty-transport-4.1.78.Final.jar:4.1.78.Final]
	at io.netty.channel.nio.NioEventLoop.processSelectedKey(NioEventLoop.java:722) ~[netty-transport-4.1.78.Final.jar:4.1.78.Final]
	at io.netty.channel.nio.NioEventLoop.processSelectedKeysOptimized(NioEventLoop.java:658) ~[netty-transport-4.1.78.Final.jar:4.1.78.Final]
	at io.netty.channel.nio.NioEventLoop.processSelectedKeys(NioEventLoop.java:584) ~[netty-transport-4.1.78.Final.jar:4.1.78.Final]
	at io.netty.channel.nio.NioEventLoop.run(NioEventLoop.java:496) ~[netty-transport-4.1.78.Final.jar:4.1.78.Final]
	at io.netty.util.concurrent.SingleThreadEventExecutor$4.run(SingleThreadEventExecutor.java:997) ~[netty-common-4.1.78.Final.jar:4.1.78.Final]
	at io.netty.util.internal.ThreadExecutorMap$2.run(ThreadExecutorMap.java:74) ~[netty-common-4.1.78.Final.jar:4.1.78.Final]
	at io.netty.util.concurrent.FastThreadLocalRunnable.run(FastThreadLocalRunnable.java:30) ~[netty-common-4.1.78.Final.jar:4.1.78.Final]
	at java.lang.Thread.run(Thread.java:748) ~[?:1.8.0_181]
