[2022-08-01 23:12:55.608] [WARN ]  io.vertx.core.impl.BlockedThreadChecker - Thread Thread[vert.x-worker-thread-0,5,main] has been blocked for 60611 ms, time limit is 60000 ms
io.vertx.core.VertxException: Thread blocked
	at java.lang.Thread.sleep(Native Method) ~[?:1.8.0_181]
	at github.zimoyin.core.live.massage.vertx.TcpVerticle.lambda$null$0(TcpVerticle.java:58) ~[classes/:?]
	at github.zimoyin.core.live.massage.vertx.TcpVerticle$$Lambda$72/1592051886.handle(Unknown Source) ~[?:?]
	at io.vertx.core.impl.ContextBase.lambda$null$0(ContextBase.java:137) ~[vertx-core-4.3.2.jar:4.3.2]
	at io.vertx.core.impl.ContextBase$$Lambda$75/1567738355.handle(Unknown Source) ~[?:?]
	at io.vertx.core.impl.ContextInternal.dispatch(ContextInternal.java:264) ~[vertx-core-4.3.2.jar:4.3.2]
	at io.vertx.core.impl.ContextBase.lambda$executeBlocking$1(ContextBase.java:135) ~[vertx-core-4.3.2.jar:4.3.2]
	at io.vertx.core.impl.ContextBase$$Lambda$73/320952921.run(Unknown Source) ~[?:?]
	at io.vertx.core.impl.TaskQueue.run(TaskQueue.java:76) ~[vertx-core-4.3.2.jar:4.3.2]
	at io.vertx.core.impl.TaskQueue$$Lambda$46/2118255842.run(Unknown Source) ~[?:?]
	at java.util.concurrent.ThreadPoolExecutor.runWorker(ThreadPoolExecutor.java:1149) ~[?:1.8.0_181]
	at java.util.concurrent.ThreadPoolExecutor$Worker.run(ThreadPoolExecutor.java:624) ~[?:1.8.0_181]
	at io.netty.util.concurrent.FastThreadLocalRunnable.run(FastThreadLocalRunnable.java:30) ~[netty-common-4.1.78.Final.jar:4.1.78.Final]
	at java.lang.Thread.run(Thread.java:748) ~[?:1.8.0_181]
[2022-08-01 23:12:56.618] [WARN ]  io.vertx.core.impl.BlockedThreadChecker - Thread Thread[vert.x-worker-thread-0,5,main] has been blocked for 61623 ms, time limit is 60000 ms
io.vertx.core.VertxException: Thread blocked
	at java.lang.Thread.sleep(Native Method) ~[?:1.8.0_181]
	at github.zimoyin.core.live.massage.vertx.TcpVerticle.lambda$null$0(TcpVerticle.java:58) ~[classes/:?]
	at github.zimoyin.core.live.massage.vertx.TcpVerticle$$Lambda$72/1592051886.handle(Unknown Source) ~[?:?]
	at io.vertx.core.impl.ContextBase.lambda$null$0(ContextBase.java:137) ~[vertx-core-4.3.2.jar:4.3.2]
	at io.vertx.core.impl.ContextBase$$Lambda$75/1567738355.handle(Unknown Source) ~[?:?]
	at io.vertx.core.impl.ContextInternal.dispatch(ContextInternal.java:264) ~[vertx-core-4.3.2.jar:4.3.2]
	at io.vertx.core.impl.ContextBase.lambda$executeBlocking$1(ContextBase.java:135) ~[vertx-core-4.3.2.jar:4.3.2]
	at io.vertx.core.impl.ContextBase$$Lambda$73/320952921.run(Unknown Source) ~[?:?]
	at io.vertx.core.impl.TaskQueue.run(TaskQueue.java:76) ~[vertx-core-4.3.2.jar:4.3.2]
	at io.vertx.core.impl.TaskQueue$$Lambda$46/2118255842.run(Unknown Source) ~[?:?]
	at java.util.concurrent.ThreadPoolExecutor.runWorker(ThreadPoolExecutor.java:1149) ~[?:1.8.0_181]
	at java.util.concurrent.ThreadPoolExecutor$Worker.run(ThreadPoolExecutor.java:624) ~[?:1.8.0_181]
	at io.netty.util.concurrent.FastThreadLocalRunnable.run(FastThreadLocalRunnable.java:30) ~[netty-common-4.1.78.Final.jar:4.1.78.Final]
	at java.lang.Thread.run(Thread.java:748) ~[?:1.8.0_181]
[2022-08-01 23:12:57.632] [WARN ]  io.vertx.core.impl.BlockedThreadChecker - Thread Thread[vert.x-worker-thread-0,5,main] has been blocked for 62637 ms, time limit is 60000 ms
io.vertx.core.VertxException: Thread blocked
	at java.lang.Thread.sleep(Native Method) ~[?:1.8.0_181]
	at github.zimoyin.core.live.massage.vertx.TcpVerticle.lambda$null$0(TcpVerticle.java:58) ~[classes/:?]
	at github.zimoyin.core.live.massage.vertx.TcpVerticle$$Lambda$72/1592051886.handle(Unknown Source) ~[?:?]
	at io.vertx.core.impl.ContextBase.lambda$null$0(ContextBase.java:137) ~[vertx-core-4.3.2.jar:4.3.2]
	at io.vertx.core.impl.ContextBase$$Lambda$75/1567738355.handle(Unknown Source) ~[?:?]
	at io.vertx.core.impl.ContextInternal.dispatch(ContextInternal.java:264) ~[vertx-core-4.3.2.jar:4.3.2]
	at io.vertx.core.impl.ContextBase.lambda$executeBlocking$1(ContextBase.java:135) ~[vertx-core-4.3.2.jar:4.3.2]
	at io.vertx.core.impl.ContextBase$$Lambda$73/320952921.run(Unknown Source) ~[?:?]
	at io.vertx.core.impl.TaskQueue.run(TaskQueue.java:76) ~[vertx-core-4.3.2.jar:4.3.2]
	at io.vertx.core.impl.TaskQueue$$Lambda$46/2118255842.run(Unknown Source) ~[?:?]
	at java.util.concurrent.ThreadPoolExecutor.runWorker(ThreadPoolExecutor.java:1149) ~[?:1.8.0_181]
	at java.util.concurrent.ThreadPoolExecutor$Worker.run(ThreadPoolExecutor.java:624) ~[?:1.8.0_181]
	at io.netty.util.concurrent.FastThreadLocalRunnable.run(FastThreadLocalRunnable.java:30) ~[netty-common-4.1.78.Final.jar:4.1.78.Final]
	at java.lang.Thread.run(Thread.java:748) ~[?:1.8.0_181]
