[2022-08-02 20:21:12.115] [ERROR]  io.vertx.core.impl.ContextBase - Unhandled exception
java.lang.NullPointerException: null
	at github.zimoyin.core.barrage.data.Barrage$BarrageType.access$000(Barrage.java:436) ~[classes/:?]
	at github.zimoyin.core.barrage.data.Barrage.toString(Barrage.java:345) ~[classes/:?]
	at java.lang.String.valueOf(String.java:2994) ~[?:1.8.0_181]
	at java.io.PrintStream.println(PrintStream.java:821) ~[?:1.8.0_181]
	at github.zimoyin.core.live.massage.Massage.DANMU_MSG_Handle(Massage.java:71) ~[classes/:?]
	at github.zimoyin.core.live.massage.Massage.getBarrages(Massage.java:50) ~[classes/:?]
	at github.zimoyin.core.live.massage.vertx.Main$1.handle(Main.java:24) ~[classes/:?]
	at github.zimoyin.core.live.massage.vertx.TcpVerticle.lambda$completeHandle$0(TcpVerticle.java:134) ~[classes/:?]
	at io.vertx.core.net.impl.NetSocketImpl.lambda$new$1(NetSocketImpl.java:98) ~[vertx-core-4.3.2.jar:4.3.2]
	at io.vertx.core.streams.impl.InboundBuffer.handleEvent(InboundBuffer.java:239) ~[vertx-core-4.3.2.jar:4.3.2]
	at io.vertx.core.streams.impl.InboundBuffer.write(InboundBuffer.java:129) ~[vertx-core-4.3.2.jar:4.3.2]
	at io.vertx.core.net.impl.NetSocketImpl$DataMessageHandler.handle(NetSocketImpl.java:418) ~[vertx-core-4.3.2.jar:4.3.2]
	at io.vertx.core.impl.EventLoopContext.emit(EventLoopContext.java:55) ~[vertx-core-4.3.2.jar:4.3.2]
	at io.vertx.core.impl.ContextBase.emit(ContextBase.java:239) ~[vertx-core-4.3.2.jar:4.3.2]
	at io.vertx.core.net.impl.NetSocketImpl.handleMessage(NetSocketImpl.java:394) ~[vertx-core-4.3.2.jar:4.3.2]
	at io.vertx.core.net.impl.ConnectionBase.read(ConnectionBase.java:155) ~[vertx-core-4.3.2.jar:4.3.2]
	at io.vertx.core.net.impl.VertxHandler.channelRead(VertxHandler.java:153) ~[vertx-core-4.3.2.jar:4.3.2]
	at io.netty.channel.AbstractChannelHandlerContext.invokeChannelRead(AbstractChannelHandlerContext.java:379) ~[netty-transport-4.1.78.Final.jar:4.1.78.Final]
	at io.netty.channel.AbstractChannelHandlerContext.invokeChannelRead(AbstractChannelHandlerContext.java:365) ~[netty-transport-4.1.78.Final.jar:4.1.78.Final]
	at io.netty.channel.AbstractChannelHandlerContext.fireChannelRead(AbstractChannelHandlerContext.java:357) ~[netty-transport-4.1.78.Final.jar:4.1.78.Final]
	at io.netty.channel.DefaultChannelPipeline$HeadContext.channelRead(DefaultChannelPipeline.java:1410) ~[netty-transport-4.1.78.Final.jar:4.1.78.Final]
	at io.netty.channel.AbstractChannelHandlerContext.invokeChannelRead(AbstractChannelHandlerContext.java:379) ~[netty-transport-4.1.78.Final.jar:4.1.78.Final]
	at io.netty.channel.AbstractChannelHandlerContext.invokeChannelRead(AbstractChannelHandlerContext.java:365) ~[netty-transport-4.1.78.Final.jar:4.1.78.Final]
	at io.netty.channel.DefaultChannelPipeline.fireChannelRead(DefaultChannelPipeline.java:919) ~[netty-transport-4.1.78.Final.jar:4.1.78.Final]
	at io.netty.channel.nio.AbstractNioByteChannel$NioByteUnsafe.read(AbstractNioByteChannel.java:166) ~[netty-transport-4.1.78.Final.jar:4.1.78.Final]
	at io.netty.channel.nio.NioEventLoop.processSelectedKey(NioEventLoop.java:722) ~[netty-transport-4.1.78.Final.jar:4.1.78.Final]
	at io.netty.channel.nio.NioEventLoop.processSelectedKeysOptimized(NioEventLoop.java:658) ~[netty-transport-4.1.78.Final.jar:4.1.78.Final]
	at io.netty.channel.nio.NioEventLoop.processSelectedKeys(NioEventLoop.java:584) ~[netty-transport-4.1.78.Final.jar:4.1.78.Final]
	at io.netty.channel.nio.NioEventLoop.run(NioEventLoop.java:496) ~[netty-transport-4.1.78.Final.jar:4.1.78.Final]
	at io.netty.util.concurrent.SingleThreadEventExecutor$4.run(SingleThreadEventExecutor.java:997) ~[netty-common-4.1.78.Final.jar:4.1.78.Final]
	at io.netty.util.internal.ThreadExecutorMap$2.run(ThreadExecutorMap.java:74) ~[netty-common-4.1.78.Final.jar:4.1.78.Final]
	at io.netty.util.concurrent.FastThreadLocalRunnable.run(FastThreadLocalRunnable.java:30) ~[netty-common-4.1.78.Final.jar:4.1.78.Final]
	at java.lang.Thread.run(Thread.java:748) ~[?:1.8.0_181]
[2022-08-02 20:21:13.274] [ERROR]  io.vertx.core.impl.ContextBase - Unhandled exception
java.lang.NullPointerException: null
	at github.zimoyin.core.barrage.data.Barrage$BarrageType.access$000(Barrage.java:436) ~[classes/:?]
	at github.zimoyin.core.barrage.data.Barrage.toString(Barrage.java:345) ~[classes/:?]
	at java.lang.String.valueOf(String.java:2994) ~[?:1.8.0_181]
	at java.io.PrintStream.println(PrintStream.java:821) ~[?:1.8.0_181]
	at github.zimoyin.core.live.massage.Massage.DANMU_MSG_Handle(Massage.java:71) ~[classes/:?]
	at github.zimoyin.core.live.massage.Massage.getBarrages(Massage.java:50) ~[classes/:?]
	at github.zimoyin.core.live.massage.vertx.Main$1.handle(Main.java:24) ~[classes/:?]
	at github.zimoyin.core.live.massage.vertx.TcpVerticle.lambda$completeHandle$0(TcpVerticle.java:134) ~[classes/:?]
	at io.vertx.core.net.impl.NetSocketImpl.lambda$new$1(NetSocketImpl.java:98) ~[vertx-core-4.3.2.jar:4.3.2]
	at io.vertx.core.streams.impl.InboundBuffer.handleEvent(InboundBuffer.java:239) ~[vertx-core-4.3.2.jar:4.3.2]
	at io.vertx.core.streams.impl.InboundBuffer.write(InboundBuffer.java:129) ~[vertx-core-4.3.2.jar:4.3.2]
	at io.vertx.core.net.impl.NetSocketImpl$DataMessageHandler.handle(NetSocketImpl.java:418) ~[vertx-core-4.3.2.jar:4.3.2]
	at io.vertx.core.impl.EventLoopContext.emit(EventLoopContext.java:55) ~[vertx-core-4.3.2.jar:4.3.2]
	at io.vertx.core.impl.ContextBase.emit(ContextBase.java:239) ~[vertx-core-4.3.2.jar:4.3.2]
	at io.vertx.core.net.impl.NetSocketImpl.handleMessage(NetSocketImpl.java:394) ~[vertx-core-4.3.2.jar:4.3.2]
	at io.vertx.core.net.impl.ConnectionBase.read(ConnectionBase.java:155) ~[vertx-core-4.3.2.jar:4.3.2]
	at io.vertx.core.net.impl.VertxHandler.channelRead(VertxHandler.java:153) ~[vertx-core-4.3.2.jar:4.3.2]
	at io.netty.channel.AbstractChannelHandlerContext.invokeChannelRead(AbstractChannelHandlerContext.java:379) ~[netty-transport-4.1.78.Final.jar:4.1.78.Final]
	at io.netty.channel.AbstractChannelHandlerContext.invokeChannelRead(AbstractChannelHandlerContext.java:365) ~[netty-transport-4.1.78.Final.jar:4.1.78.Final]
	at io.netty.channel.AbstractChannelHandlerContext.fireChannelRead(AbstractChannelHandlerContext.java:357) ~[netty-transport-4.1.78.Final.jar:4.1.78.Final]
	at io.netty.channel.DefaultChannelPipeline$HeadContext.channelRead(DefaultChannelPipeline.java:1410) ~[netty-transport-4.1.78.Final.jar:4.1.78.Final]
	at io.netty.channel.AbstractChannelHandlerContext.invokeChannelRead(AbstractChannelHandlerContext.java:379) ~[netty-transport-4.1.78.Final.jar:4.1.78.Final]
	at io.netty.channel.AbstractChannelHandlerContext.invokeChannelRead(AbstractChannelHandlerContext.java:365) ~[netty-transport-4.1.78.Final.jar:4.1.78.Final]
	at io.netty.channel.DefaultChannelPipeline.fireChannelRead(DefaultChannelPipeline.java:919) ~[netty-transport-4.1.78.Final.jar:4.1.78.Final]
	at io.netty.channel.nio.AbstractNioByteChannel$NioByteUnsafe.read(AbstractNioByteChannel.java:166) ~[netty-transport-4.1.78.Final.jar:4.1.78.Final]
	at io.netty.channel.nio.NioEventLoop.processSelectedKey(NioEventLoop.java:722) ~[netty-transport-4.1.78.Final.jar:4.1.78.Final]
	at io.netty.channel.nio.NioEventLoop.processSelectedKeysOptimized(NioEventLoop.java:658) ~[netty-transport-4.1.78.Final.jar:4.1.78.Final]
	at io.netty.channel.nio.NioEventLoop.processSelectedKeys(NioEventLoop.java:584) ~[netty-transport-4.1.78.Final.jar:4.1.78.Final]
	at io.netty.channel.nio.NioEventLoop.run(NioEventLoop.java:496) ~[netty-transport-4.1.78.Final.jar:4.1.78.Final]
	at io.netty.util.concurrent.SingleThreadEventExecutor$4.run(SingleThreadEventExecutor.java:997) ~[netty-common-4.1.78.Final.jar:4.1.78.Final]
	at io.netty.util.internal.ThreadExecutorMap$2.run(ThreadExecutorMap.java:74) ~[netty-common-4.1.78.Final.jar:4.1.78.Final]
	at io.netty.util.concurrent.FastThreadLocalRunnable.run(FastThreadLocalRunnable.java:30) ~[netty-common-4.1.78.Final.jar:4.1.78.Final]
	at java.lang.Thread.run(Thread.java:748) ~[?:1.8.0_181]
[2022-08-02 20:21:14.310] [ERROR]  io.vertx.core.impl.ContextBase - Unhandled exception
java.lang.NullPointerException: null
	at github.zimoyin.core.barrage.data.Barrage$BarrageType.access$000(Barrage.java:436) ~[classes/:?]
	at github.zimoyin.core.barrage.data.Barrage.toString(Barrage.java:345) ~[classes/:?]
	at java.lang.String.valueOf(String.java:2994) ~[?:1.8.0_181]
	at java.io.PrintStream.println(PrintStream.java:821) ~[?:1.8.0_181]
	at github.zimoyin.core.live.massage.Massage.DANMU_MSG_Handle(Massage.java:71) ~[classes/:?]
	at github.zimoyin.core.live.massage.Massage.getBarrages(Massage.java:50) ~[classes/:?]
	at github.zimoyin.core.live.massage.vertx.Main$1.handle(Main.java:24) ~[classes/:?]
	at github.zimoyin.core.live.massage.vertx.TcpVerticle.lambda$completeHandle$0(TcpVerticle.java:134) ~[classes/:?]
	at io.vertx.core.net.impl.NetSocketImpl.lambda$new$1(NetSocketImpl.java:98) ~[vertx-core-4.3.2.jar:4.3.2]
	at io.vertx.core.streams.impl.InboundBuffer.handleEvent(InboundBuffer.java:239) ~[vertx-core-4.3.2.jar:4.3.2]
	at io.vertx.core.streams.impl.InboundBuffer.write(InboundBuffer.java:129) ~[vertx-core-4.3.2.jar:4.3.2]
	at io.vertx.core.net.impl.NetSocketImpl$DataMessageHandler.handle(NetSocketImpl.java:418) ~[vertx-core-4.3.2.jar:4.3.2]
	at io.vertx.core.impl.EventLoopContext.emit(EventLoopContext.java:55) ~[vertx-core-4.3.2.jar:4.3.2]
	at io.vertx.core.impl.ContextBase.emit(ContextBase.java:239) ~[vertx-core-4.3.2.jar:4.3.2]
	at io.vertx.core.net.impl.NetSocketImpl.handleMessage(NetSocketImpl.java:394) ~[vertx-core-4.3.2.jar:4.3.2]
	at io.vertx.core.net.impl.ConnectionBase.read(ConnectionBase.java:155) ~[vertx-core-4.3.2.jar:4.3.2]
	at io.vertx.core.net.impl.VertxHandler.channelRead(VertxHandler.java:153) ~[vertx-core-4.3.2.jar:4.3.2]
	at io.netty.channel.AbstractChannelHandlerContext.invokeChannelRead(AbstractChannelHandlerContext.java:379) ~[netty-transport-4.1.78.Final.jar:4.1.78.Final]
	at io.netty.channel.AbstractChannelHandlerContext.invokeChannelRead(AbstractChannelHandlerContext.java:365) ~[netty-transport-4.1.78.Final.jar:4.1.78.Final]
	at io.netty.channel.AbstractChannelHandlerContext.fireChannelRead(AbstractChannelHandlerContext.java:357) ~[netty-transport-4.1.78.Final.jar:4.1.78.Final]
	at io.netty.channel.DefaultChannelPipeline$HeadContext.channelRead(DefaultChannelPipeline.java:1410) ~[netty-transport-4.1.78.Final.jar:4.1.78.Final]
	at io.netty.channel.AbstractChannelHandlerContext.invokeChannelRead(AbstractChannelHandlerContext.java:379) ~[netty-transport-4.1.78.Final.jar:4.1.78.Final]
	at io.netty.channel.AbstractChannelHandlerContext.invokeChannelRead(AbstractChannelHandlerContext.java:365) ~[netty-transport-4.1.78.Final.jar:4.1.78.Final]
	at io.netty.channel.DefaultChannelPipeline.fireChannelRead(DefaultChannelPipeline.java:919) ~[netty-transport-4.1.78.Final.jar:4.1.78.Final]
	at io.netty.channel.nio.AbstractNioByteChannel$NioByteUnsafe.read(AbstractNioByteChannel.java:166) ~[netty-transport-4.1.78.Final.jar:4.1.78.Final]
	at io.netty.channel.nio.NioEventLoop.processSelectedKey(NioEventLoop.java:722) ~[netty-transport-4.1.78.Final.jar:4.1.78.Final]
	at io.netty.channel.nio.NioEventLoop.processSelectedKeysOptimized(NioEventLoop.java:658) ~[netty-transport-4.1.78.Final.jar:4.1.78.Final]
	at io.netty.channel.nio.NioEventLoop.processSelectedKeys(NioEventLoop.java:584) ~[netty-transport-4.1.78.Final.jar:4.1.78.Final]
	at io.netty.channel.nio.NioEventLoop.run(NioEventLoop.java:496) ~[netty-transport-4.1.78.Final.jar:4.1.78.Final]
	at io.netty.util.concurrent.SingleThreadEventExecutor$4.run(SingleThreadEventExecutor.java:997) ~[netty-common-4.1.78.Final.jar:4.1.78.Final]
	at io.netty.util.internal.ThreadExecutorMap$2.run(ThreadExecutorMap.java:74) ~[netty-common-4.1.78.Final.jar:4.1.78.Final]
	at io.netty.util.concurrent.FastThreadLocalRunnable.run(FastThreadLocalRunnable.java:30) ~[netty-common-4.1.78.Final.jar:4.1.78.Final]
	at java.lang.Thread.run(Thread.java:748) ~[?:1.8.0_181]
