[2022-08-02 20:28:51.544] [WARN ] github.zimoyin.core.live.massage.vertx.Package$Header.<init>(Package.java:181) github.zimoyin.core.live.massage.vertx.Package$Header - 这是一个损耗的包 包实际长度:1440, 包头描述包长度:2150
[2022-08-02 20:28:51.545] [WARN ] github.zimoyin.core.live.massage.vertx.Package$Header.<init>(Package.java:181) github.zimoyin.core.live.massage.vertx.Package$Header - 这是一个损耗的包 包实际长度:710, 包头描述包长度:2038232120
[2022-08-02 20:28:54.396] [WARN ] github.zimoyin.core.live.massage.vertx.Package$Header.<init>(Package.java:181) github.zimoyin.core.live.massage.vertx.Package$Header - 这是一个损耗的包 包实际长度:1440, 包头描述包长度:2034
[2022-08-02 20:28:54.398] [WARN ] github.zimoyin.core.live.massage.vertx.Package$Header.<init>(Package.java:181) github.zimoyin.core.live.massage.vertx.Package$Header - 这是一个损耗的包 包实际长度:594, 包头描述包长度:697401339
[2022-08-02 20:28:55.507] [WARN ] github.zimoyin.core.live.massage.vertx.Package$Header.<init>(Package.java:181) github.zimoyin.core.live.massage.vertx.Package$Header - 这是一个损耗的包 包实际长度:1440, 包头描述包长度:2367
[2022-08-02 20:28:55.508] [WARN ] github.zimoyin.core.live.massage.vertx.Package$Header.<init>(Package.java:181) github.zimoyin.core.live.massage.vertx.Package$Header - 这是一个损耗的包 包实际长度:927, 包头描述包长度:290483470
[2022-08-02 20:28:58.815] [WARN ] github.zimoyin.core.live.massage.vertx.Package$Header.<init>(Package.java:181) github.zimoyin.core.live.massage.vertx.Package$Header - 这是一个损耗的包 包实际长度:2880, 包头描述包长度:3193
[2022-08-02 20:28:58.817] [WARN ] github.zimoyin.core.live.massage.vertx.Package$Header.<init>(Package.java:181) github.zimoyin.core.live.massage.vertx.Package$Header - 这是一个损耗的包 包实际长度:313, 包头描述包长度:-1995076600
[2022-08-02 20:28:58.818] [ERROR] github.zimoyin.core.live.massage.vertx.TcpVerticle.analyzeData(TcpVerticle.java:162) github.zimoyin.core.live.massage.vertx.TcpVerticle - 缓冲区大小可能需要扩大
[2022-08-02 20:28:59.861] [WARN ] github.zimoyin.core.live.massage.vertx.Package$Header.<init>(Package.java:181) github.zimoyin.core.live.massage.vertx.Package$Header - 这是一个损耗的包 包实际长度:1440, 包头描述包长度:2636
[2022-08-02 20:28:59.862] [WARN ] github.zimoyin.core.live.massage.vertx.Package$Header.<init>(Package.java:181) github.zimoyin.core.live.massage.vertx.Package$Header - 这是一个损耗的包 包实际长度:1196, 包头描述包长度:-216537610
[2022-08-02 20:28:59.862] [ERROR] github.zimoyin.core.live.massage.vertx.TcpVerticle.analyzeData(TcpVerticle.java:162) github.zimoyin.core.live.massage.vertx.TcpVerticle - 缓冲区大小可能需要扩大
[2022-08-02 20:29:01.007] [WARN ] github.zimoyin.core.live.massage.vertx.Package$Header.<init>(Package.java:181) github.zimoyin.core.live.massage.vertx.Package$Header - 这是一个损耗的包 包实际长度:1440, 包头描述包长度:2111
[2022-08-02 20:29:01.008] [WARN ] github.zimoyin.core.live.massage.vertx.Package$Header.<init>(Package.java:181) github.zimoyin.core.live.massage.vertx.Package$Header - 这是一个损耗的包 包实际长度:671, 包头描述包长度:1601335156
[2022-08-02 20:29:01.045] [WARN ] github.zimoyin.core.live.massage.vertx.Package$Header.<init>(Package.java:181) github.zimoyin.core.live.massage.vertx.Package$Header - 这是一个损耗的包 包实际长度:1440, 包头描述包长度:2326
[2022-08-02 20:29:01.046] [WARN ] github.zimoyin.core.live.massage.vertx.Package$Header.<init>(Package.java:181) github.zimoyin.core.live.massage.vertx.Package$Header - 这是一个损耗的包 包实际长度:886, 包头描述包长度:-801656996
[2022-08-02 20:29:01.047] [ERROR] github.zimoyin.core.live.massage.vertx.TcpVerticle.analyzeData(TcpVerticle.java:162) github.zimoyin.core.live.massage.vertx.TcpVerticle - 缓冲区大小可能需要扩大
[2022-08-02 20:29:02.622] [WARN ] github.zimoyin.core.live.massage.vertx.Package$Header.<init>(Package.java:181) github.zimoyin.core.live.massage.vertx.Package$Header - 这是一个损耗的包 包实际长度:1440, 包头描述包长度:1842
[2022-08-02 20:29:02.624] [WARN ] github.zimoyin.core.live.massage.vertx.Package$Header.<init>(Package.java:181) github.zimoyin.core.live.massage.vertx.Package$Header - 这是一个损耗的包 包实际长度:402, 包头描述包长度:1541934478
[2022-08-02 20:29:05.757] [WARN ] github.zimoyin.core.live.massage.vertx.Package$Header.<init>(Package.java:181) github.zimoyin.core.live.massage.vertx.Package$Header - 这是一个损耗的包 包实际长度:1440, 包头描述包长度:2930
[2022-08-02 20:29:05.759] [WARN ] github.zimoyin.core.live.massage.vertx.Package$Header.<init>(Package.java:181) github.zimoyin.core.live.massage.vertx.Package$Header - 这是一个损耗的包 包实际长度:1490, 包头描述包长度:-231019643
[2022-08-02 20:29:05.759] [ERROR] github.zimoyin.core.live.massage.vertx.TcpVerticle.analyzeData(TcpVerticle.java:162) github.zimoyin.core.live.massage.vertx.TcpVerticle - 缓冲区大小可能需要扩大
[2022-08-02 20:29:06.821] [WARN ] github.zimoyin.core.live.massage.vertx.Package$Header.<init>(Package.java:181) github.zimoyin.core.live.massage.vertx.Package$Header - 这是一个损耗的包 包实际长度:1440, 包头描述包长度:2520
[2022-08-02 20:29:06.822] [WARN ] github.zimoyin.core.live.massage.vertx.Package$Header.<init>(Package.java:181) github.zimoyin.core.live.massage.vertx.Package$Header - 这是一个损耗的包 包实际长度:1080, 包头描述包长度:1447598401
[2022-08-02 20:29:12.270] [WARN ] github.zimoyin.core.live.massage.vertx.Package$Header.<init>(Package.java:181) github.zimoyin.core.live.massage.vertx.Package$Header - 这是一个损耗的包 包实际长度:1440, 包头描述包长度:2500
[2022-08-02 20:29:12.272] [WARN ] github.zimoyin.core.live.massage.vertx.Package$Header.<init>(Package.java:181) github.zimoyin.core.live.massage.vertx.Package$Header - 这是一个损耗的包 包实际长度:1060, 包头描述包长度:-829226717
[2022-08-02 20:29:12.272] [ERROR] github.zimoyin.core.live.massage.vertx.TcpVerticle.analyzeData(TcpVerticle.java:162) github.zimoyin.core.live.massage.vertx.TcpVerticle - 缓冲区大小可能需要扩大
[2022-08-02 20:29:15.497] [WARN ] github.zimoyin.core.live.massage.vertx.Package$Header.<init>(Package.java:181) github.zimoyin.core.live.massage.vertx.Package$Header - 这是一个损耗的包 包实际长度:1440, 包头描述包长度:2148
[2022-08-02 20:29:15.498] [WARN ] github.zimoyin.core.live.massage.vertx.Package$Header.<init>(Package.java:181) github.zimoyin.core.live.massage.vertx.Package$Header - 这是一个损耗的包 包实际长度:708, 包头描述包长度:1618668887
[2022-08-02 20:29:16.512] [WARN ] github.zimoyin.core.live.massage.vertx.Package$Header.<init>(Package.java:181) github.zimoyin.core.live.massage.vertx.Package$Header - 这是一个损耗的包 包实际长度:1440, 包头描述包长度:2093
[2022-08-02 20:29:16.513] [WARN ] github.zimoyin.core.live.massage.vertx.Package$Header.<init>(Package.java:181) github.zimoyin.core.live.massage.vertx.Package$Header - 这是一个损耗的包 包实际长度:653, 包头描述包长度:989745892
[2022-08-02 20:29:21.979] [WARN ] github.zimoyin.core.live.massage.vertx.Package$Header.<init>(Package.java:181) github.zimoyin.core.live.massage.vertx.Package$Header - 这是一个损耗的包 包实际长度:1440, 包头描述包长度:3016
[2022-08-02 20:29:21.979] [WARN ] github.zimoyin.core.live.massage.vertx.Package$Header.<init>(Package.java:181) github.zimoyin.core.live.massage.vertx.Package$Header - 这是一个损耗的包 包实际长度:1576, 包头描述包长度:893742527
[2022-08-02 20:29:23.230] [WARN ] github.zimoyin.core.live.massage.vertx.Package$Header.<init>(Package.java:181) github.zimoyin.core.live.massage.vertx.Package$Header - 这是一个损耗的包 包实际长度:1440, 包头描述包长度:1668
[2022-08-02 20:29:23.231] [WARN ] github.zimoyin.core.live.massage.vertx.Package$Header.<init>(Package.java:181) github.zimoyin.core.live.massage.vertx.Package$Header - 这是一个损耗的包 包实际长度:228, 包头描述包长度:-1925471189
[2022-08-02 20:29:23.231] [ERROR] github.zimoyin.core.live.massage.vertx.TcpVerticle.analyzeData(TcpVerticle.java:162) github.zimoyin.core.live.massage.vertx.TcpVerticle - 缓冲区大小可能需要扩大
[2022-08-02 20:29:28.308] [WARN ] github.zimoyin.core.live.massage.vertx.Package$Header.<init>(Package.java:181) github.zimoyin.core.live.massage.vertx.Package$Header - 这是一个损耗的包 包实际长度:1440, 包头描述包长度:2422
[2022-08-02 20:29:28.309] [WARN ] github.zimoyin.core.live.massage.vertx.Package$Header.<init>(Package.java:181) github.zimoyin.core.live.massage.vertx.Package$Header - 这是一个损耗的包 包实际长度:982, 包头描述包长度:1977097592
[2022-08-02 20:29:29.783] [WARN ] github.zimoyin.core.live.massage.vertx.Package$Header.<init>(Package.java:181) github.zimoyin.core.live.massage.vertx.Package$Header - 这是一个损耗的包 包实际长度:1440, 包头描述包长度:1479
[2022-08-02 20:29:29.784] [WARN ] github.zimoyin.core.live.massage.vertx.Package$Header.<init>(Package.java:181) github.zimoyin.core.live.massage.vertx.Package$Header - 这是一个损耗的包 包实际长度:39, 包头描述包长度:959982642
[2022-08-02 20:29:31.574] [WARN ] github.zimoyin.core.live.massage.vertx.Package$Header.<init>(Package.java:181) github.zimoyin.core.live.massage.vertx.Package$Header - 这是一个损耗的包 包实际长度:1440, 包头描述包长度:1753
[2022-08-02 20:29:31.575] [WARN ] github.zimoyin.core.live.massage.vertx.Package$Header.<init>(Package.java:181) github.zimoyin.core.live.massage.vertx.Package$Header - 这是一个损耗的包 包实际长度:313, 包头描述包长度:-1640606285
[2022-08-02 20:29:31.576] [ERROR] github.zimoyin.core.live.massage.vertx.TcpVerticle.analyzeData(TcpVerticle.java:162) github.zimoyin.core.live.massage.vertx.TcpVerticle - 缓冲区大小可能需要扩大
[2022-08-02 20:29:32.691] [WARN ] github.zimoyin.core.live.massage.vertx.Package$Header.<init>(Package.java:181) github.zimoyin.core.live.massage.vertx.Package$Header - 这是一个损耗的包 包实际长度:1440, 包头描述包长度:2775
[2022-08-02 20:29:32.693] [WARN ] github.zimoyin.core.live.massage.vertx.Package$Header.<init>(Package.java:181) github.zimoyin.core.live.massage.vertx.Package$Header - 这是一个损耗的包 包实际长度:1335, 包头描述包长度:1843758906
[2022-08-02 20:29:33.770] [WARN ] github.zimoyin.core.live.massage.vertx.Package$Header.<init>(Package.java:181) github.zimoyin.core.live.massage.vertx.Package$Header - 这是一个损耗的包 包实际长度:1440, 包头描述包长度:2879
[2022-08-02 20:29:33.771] [WARN ] github.zimoyin.core.live.massage.vertx.Package$Header.<init>(Package.java:181) github.zimoyin.core.live.massage.vertx.Package$Header - 这是一个损耗的包 包实际长度:1439, 包头描述包长度:-1466023145
[2022-08-02 20:29:33.772] [ERROR] github.zimoyin.core.live.massage.vertx.TcpVerticle.analyzeData(TcpVerticle.java:162) github.zimoyin.core.live.massage.vertx.TcpVerticle - 缓冲区大小可能需要扩大
[2022-08-02 20:29:35.078] [WARN ] github.zimoyin.core.live.massage.vertx.Package$Header.<init>(Package.java:181) github.zimoyin.core.live.massage.vertx.Package$Header - 这是一个损耗的包 包实际长度:1440, 包头描述包长度:2338
[2022-08-02 20:29:35.079] [WARN ] github.zimoyin.core.live.massage.vertx.Package$Header.<init>(Package.java:181) github.zimoyin.core.live.massage.vertx.Package$Header - 这是一个损耗的包 包实际长度:898, 包头描述包长度:-993025356
[2022-08-02 20:29:35.079] [ERROR] github.zimoyin.core.live.massage.vertx.TcpVerticle.analyzeData(TcpVerticle.java:162) github.zimoyin.core.live.massage.vertx.TcpVerticle - 缓冲区大小可能需要扩大
[2022-08-02 20:29:38.562] [WARN ] github.zimoyin.core.live.massage.vertx.Package$Header.<init>(Package.java:181) github.zimoyin.core.live.massage.vertx.Package$Header - 这是一个损耗的包 包实际长度:1440, 包头描述包长度:2928
[2022-08-02 20:29:38.563] [WARN ] github.zimoyin.core.live.massage.vertx.Package$Header.<init>(Package.java:181) github.zimoyin.core.live.massage.vertx.Package$Header - 这是一个损耗的包 包实际长度:1488, 包头描述包长度:-674015822
[2022-08-02 20:29:38.563] [ERROR] github.zimoyin.core.live.massage.vertx.TcpVerticle.analyzeData(TcpVerticle.java:162) github.zimoyin.core.live.massage.vertx.TcpVerticle - 缓冲区大小可能需要扩大
[2022-08-02 20:29:43.013] [WARN ] github.zimoyin.core.live.massage.vertx.Package$Header.<init>(Package.java:181) github.zimoyin.core.live.massage.vertx.Package$Header - 这是一个损耗的包 包实际长度:1440, 包头描述包长度:2264
[2022-08-02 20:29:43.014] [WARN ] github.zimoyin.core.live.massage.vertx.Package$Header.<init>(Package.java:181) github.zimoyin.core.live.massage.vertx.Package$Header - 这是一个损耗的包 包实际长度:824, 包头描述包长度:1470343750
[2022-08-02 20:29:45.245] [WARN ] github.zimoyin.core.live.massage.vertx.Package$Header.<init>(Package.java:181) github.zimoyin.core.live.massage.vertx.Package$Header - 这是一个损耗的包 包实际长度:1440, 包头描述包长度:2456
[2022-08-02 20:29:45.246] [WARN ] github.zimoyin.core.live.massage.vertx.Package$Header.<init>(Package.java:181) github.zimoyin.core.live.massage.vertx.Package$Header - 这是一个损耗的包 包实际长度:1016, 包头描述包长度:-1464817805
[2022-08-02 20:29:45.246] [ERROR] github.zimoyin.core.live.massage.vertx.TcpVerticle.analyzeData(TcpVerticle.java:162) github.zimoyin.core.live.massage.vertx.TcpVerticle - 缓冲区大小可能需要扩大
[2022-08-02 20:29:47.470] [WARN ] github.zimoyin.core.live.massage.vertx.Package$Header.<init>(Package.java:181) github.zimoyin.core.live.massage.vertx.Package$Header - 这是一个损耗的包 包实际长度:1440, 包头描述包长度:1725
[2022-08-02 20:29:47.471] [WARN ] github.zimoyin.core.live.massage.vertx.Package$Header.<init>(Package.java:181) github.zimoyin.core.live.massage.vertx.Package$Header - 这是一个损耗的包 包实际长度:285, 包头描述包长度:1507317383
[2022-08-02 20:29:49.863] [WARN ] github.zimoyin.core.live.massage.vertx.Package$Header.<init>(Package.java:181) github.zimoyin.core.live.massage.vertx.Package$Header - 这是一个损耗的包 包实际长度:1440, 包头描述包长度:2149
[2022-08-02 20:29:49.864] [WARN ] github.zimoyin.core.live.massage.vertx.Package$Header.<init>(Package.java:181) github.zimoyin.core.live.massage.vertx.Package$Header - 这是一个损耗的包 包实际长度:709, 包头描述包长度:-1128988695
[2022-08-02 20:29:49.865] [ERROR] github.zimoyin.core.live.massage.vertx.TcpVerticle.analyzeData(TcpVerticle.java:162) github.zimoyin.core.live.massage.vertx.TcpVerticle - 缓冲区大小可能需要扩大
[2022-08-02 20:29:50.890] [WARN ] github.zimoyin.core.live.massage.vertx.Package$Header.<init>(Package.java:181) github.zimoyin.core.live.massage.vertx.Package$Header - 这是一个损耗的包 包实际长度:1440, 包头描述包长度:2048
[2022-08-02 20:29:50.891] [WARN ] github.zimoyin.core.live.massage.vertx.Package$Header.<init>(Package.java:181) github.zimoyin.core.live.massage.vertx.Package$Header - 这是一个损耗的包 包实际长度:608, 包头描述包长度:1357131590
[2022-08-02 20:29:54.407] [WARN ] github.zimoyin.core.live.massage.vertx.Package$Header.<init>(Package.java:181) github.zimoyin.core.live.massage.vertx.Package$Header - 这是一个损耗的包 包实际长度:1440, 包头描述包长度:1779
[2022-08-02 20:29:54.408] [WARN ] github.zimoyin.core.live.massage.vertx.Package$Header.<init>(Package.java:181) github.zimoyin.core.live.massage.vertx.Package$Header - 这是一个损耗的包 包实际长度:339, 包头描述包长度:-570762449
[2022-08-02 20:29:54.408] [ERROR] github.zimoyin.core.live.massage.vertx.TcpVerticle.analyzeData(TcpVerticle.java:162) github.zimoyin.core.live.massage.vertx.TcpVerticle - 缓冲区大小可能需要扩大
[2022-08-02 20:29:58.615] [WARN ] github.zimoyin.core.live.massage.vertx.Package$Header.<init>(Package.java:181) github.zimoyin.core.live.massage.vertx.Package$Header - 这是一个损耗的包 包实际长度:1440, 包头描述包长度:2070
[2022-08-02 20:29:58.616] [WARN ] github.zimoyin.core.live.massage.vertx.Package$Header.<init>(Package.java:181) github.zimoyin.core.live.massage.vertx.Package$Header - 这是一个损耗的包 包实际长度:630, 包头描述包长度:-1490393080
[2022-08-02 20:29:58.616] [ERROR] github.zimoyin.core.live.massage.vertx.TcpVerticle.analyzeData(TcpVerticle.java:162) github.zimoyin.core.live.massage.vertx.TcpVerticle - 缓冲区大小可能需要扩大
[2022-08-02 20:30:04.241] [WARN ] github.zimoyin.core.live.massage.vertx.Package$Header.<init>(Package.java:181) github.zimoyin.core.live.massage.vertx.Package$Header - 这是一个损耗的包 包实际长度:1440, 包头描述包长度:2398
[2022-08-02 20:30:04.242] [WARN ] github.zimoyin.core.live.massage.vertx.Package$Header.<init>(Package.java:181) github.zimoyin.core.live.massage.vertx.Package$Header - 这是一个损耗的包 包实际长度:958, 包头描述包长度:1976812680
[2022-08-02 20:30:06.349] [WARN ] github.zimoyin.core.live.massage.vertx.Package$Header.<init>(Package.java:181) github.zimoyin.core.live.massage.vertx.Package$Header - 这是一个损耗的包 包实际长度:1440, 包头描述包长度:2077
[2022-08-02 20:30:06.350] [WARN ] github.zimoyin.core.live.massage.vertx.Package$Header.<init>(Package.java:181) github.zimoyin.core.live.massage.vertx.Package$Header - 这是一个损耗的包 包实际长度:637, 包头描述包长度:1026645109
[2022-08-02 20:30:06.909] [WARN ] github.zimoyin.core.live.massage.vertx.Package$Header.<init>(Package.java:181) github.zimoyin.core.live.massage.vertx.Package$Header - 这是一个损耗的包 包实际长度:1440, 包头描述包长度:2385
[2022-08-02 20:30:06.910] [WARN ] github.zimoyin.core.live.massage.vertx.Package$Header.<init>(Package.java:181) github.zimoyin.core.live.massage.vertx.Package$Header - 这是一个损耗的包 包实际长度:945, 包头描述包长度:-52738608
[2022-08-02 20:30:06.911] [ERROR] github.zimoyin.core.live.massage.vertx.TcpVerticle.analyzeData(TcpVerticle.java:162) github.zimoyin.core.live.massage.vertx.TcpVerticle - 缓冲区大小可能需要扩大
[2022-08-02 20:30:11.477] [WARN ] github.zimoyin.core.live.massage.vertx.Package$Header.<init>(Package.java:181) github.zimoyin.core.live.massage.vertx.Package$Header - 这是一个损耗的包 包实际长度:1440, 包头描述包长度:2253
[2022-08-02 20:30:11.478] [WARN ] github.zimoyin.core.live.massage.vertx.Package$Header.<init>(Package.java:181) github.zimoyin.core.live.massage.vertx.Package$Header - 这是一个损耗的包 包实际长度:813, 包头描述包长度:28645645
[2022-08-02 20:30:13.546] [WARN ] github.zimoyin.core.live.massage.vertx.Package$Header.<init>(Package.java:181) github.zimoyin.core.live.massage.vertx.Package$Header - 这是一个损耗的包 包实际长度:1440, 包头描述包长度:2114
[2022-08-02 20:30:13.557] [WARN ] github.zimoyin.core.live.massage.vertx.Package$Header.<init>(Package.java:181) github.zimoyin.core.live.massage.vertx.Package$Header - 这是一个损耗的包 包实际长度:674, 包头描述包长度:1919509599
[2022-08-02 20:30:19.512] [WARN ] github.zimoyin.core.live.massage.vertx.Package$Header.<init>(Package.java:181) github.zimoyin.core.live.massage.vertx.Package$Header - 这是一个损耗的包 包实际长度:1440, 包头描述包长度:2310
[2022-08-02 20:30:19.513] [WARN ] github.zimoyin.core.live.massage.vertx.Package$Header.<init>(Package.java:181) github.zimoyin.core.live.massage.vertx.Package$Header - 这是一个损耗的包 包实际长度:870, 包头描述包长度:128604242
[2022-08-02 20:30:20.535] [WARN ] github.zimoyin.core.live.massage.vertx.Package$Header.<init>(Package.java:181) github.zimoyin.core.live.massage.vertx.Package$Header - 这是一个损耗的包 包实际长度:1440, 包头描述包长度:2030
[2022-08-02 20:30:20.536] [WARN ] github.zimoyin.core.live.massage.vertx.Package$Header.<init>(Package.java:181) github.zimoyin.core.live.massage.vertx.Package$Header - 这是一个损耗的包 包实际长度:590, 包头描述包长度:1974095044
[2022-08-02 20:30:21.770] [WARN ] github.zimoyin.core.live.massage.vertx.Package$Header.<init>(Package.java:181) github.zimoyin.core.live.massage.vertx.Package$Header - 这是一个损耗的包 包实际长度:1440, 包头描述包长度:2575
[2022-08-02 20:30:21.771] [WARN ] github.zimoyin.core.live.massage.vertx.Package$Header.<init>(Package.java:181) github.zimoyin.core.live.massage.vertx.Package$Header - 这是一个损耗的包 包实际长度:1135, 包头描述包长度:-957699359
[2022-08-02 20:30:21.772] [ERROR] github.zimoyin.core.live.massage.vertx.TcpVerticle.analyzeData(TcpVerticle.java:162) github.zimoyin.core.live.massage.vertx.TcpVerticle - 缓冲区大小可能需要扩大
[2022-08-02 20:30:23.041] [WARN ] github.zimoyin.core.live.massage.vertx.Package$Header.<init>(Package.java:181) github.zimoyin.core.live.massage.vertx.Package$Header - 这是一个损耗的包 包实际长度:1440, 包头描述包长度:2223
[2022-08-02 20:30:23.042] [WARN ] github.zimoyin.core.live.massage.vertx.Package$Header.<init>(Package.java:181) github.zimoyin.core.live.massage.vertx.Package$Header - 这是一个损耗的包 包实际长度:783, 包头描述包长度:-121280172
[2022-08-02 20:30:23.042] [ERROR] github.zimoyin.core.live.massage.vertx.TcpVerticle.analyzeData(TcpVerticle.java:162) github.zimoyin.core.live.massage.vertx.TcpVerticle - 缓冲区大小可能需要扩大
[2022-08-02 20:30:25.468] [WARN ] github.zimoyin.core.live.massage.vertx.Package$Header.<init>(Package.java:181) github.zimoyin.core.live.massage.vertx.Package$Header - 这是一个损耗的包 包实际长度:1440, 包头描述包长度:2559
[2022-08-02 20:30:25.469] [WARN ] github.zimoyin.core.live.massage.vertx.Package$Header.<init>(Package.java:181) github.zimoyin.core.live.massage.vertx.Package$Header - 这是一个损耗的包 包实际长度:1119, 包头描述包长度:-1080339143
[2022-08-02 20:30:25.469] [ERROR] github.zimoyin.core.live.massage.vertx.TcpVerticle.analyzeData(TcpVerticle.java:162) github.zimoyin.core.live.massage.vertx.TcpVerticle - 缓冲区大小可能需要扩大
[2022-08-02 20:30:26.484] [WARN ] github.zimoyin.core.live.massage.vertx.Package$Header.<init>(Package.java:181) github.zimoyin.core.live.massage.vertx.Package$Header - 这是一个损耗的包 包实际长度:1440, 包头描述包长度:2197
[2022-08-02 20:30:26.484] [WARN ] github.zimoyin.core.live.massage.vertx.Package$Header.<init>(Package.java:181) github.zimoyin.core.live.massage.vertx.Package$Header - 这是一个损耗的包 包实际长度:757, 包头描述包长度:1839451853
[2022-08-02 20:30:27.499] [WARN ] github.zimoyin.core.live.massage.vertx.Package$Header.<init>(Package.java:181) github.zimoyin.core.live.massage.vertx.Package$Header - 这是一个损耗的包 包实际长度:1440, 包头描述包长度:2175
[2022-08-02 20:30:27.499] [WARN ] github.zimoyin.core.live.massage.vertx.Package$Header.<init>(Package.java:181) github.zimoyin.core.live.massage.vertx.Package$Header - 这是一个损耗的包 包实际长度:735, 包头描述包长度:-1849088365
[2022-08-02 20:30:27.500] [ERROR] github.zimoyin.core.live.massage.vertx.TcpVerticle.analyzeData(TcpVerticle.java:162) github.zimoyin.core.live.massage.vertx.TcpVerticle - 缓冲区大小可能需要扩大
[2022-08-02 20:30:29.541] [WARN ] github.zimoyin.core.live.massage.vertx.Package$Header.<init>(Package.java:181) github.zimoyin.core.live.massage.vertx.Package$Header - 这是一个损耗的包 包实际长度:1440, 包头描述包长度:2364
[2022-08-02 20:30:29.541] [WARN ] github.zimoyin.core.live.massage.vertx.Package$Header.<init>(Package.java:181) github.zimoyin.core.live.massage.vertx.Package$Header - 这是一个损耗的包 包实际长度:924, 包头描述包长度:710196559
[2022-08-02 20:30:35.462] [WARN ] github.zimoyin.core.live.massage.vertx.Package$Header.<init>(Package.java:181) github.zimoyin.core.live.massage.vertx.Package$Header - 这是一个损耗的包 包实际长度:1440, 包头描述包长度:1856
[2022-08-02 20:30:35.463] [WARN ] github.zimoyin.core.live.massage.vertx.Package$Header.<init>(Package.java:181) github.zimoyin.core.live.massage.vertx.Package$Header - 这是一个损耗的包 包实际长度:416, 包头描述包长度:-1837883355
[2022-08-02 20:30:35.464] [ERROR] github.zimoyin.core.live.massage.vertx.TcpVerticle.analyzeData(TcpVerticle.java:162) github.zimoyin.core.live.massage.vertx.TcpVerticle - 缓冲区大小可能需要扩大
[2022-08-02 20:30:38.797] [WARN ] github.zimoyin.core.live.massage.vertx.Package$Header.<init>(Package.java:181) github.zimoyin.core.live.massage.vertx.Package$Header - 这是一个损耗的包 包实际长度:1440, 包头描述包长度:2357
[2022-08-02 20:30:38.798] [WARN ] github.zimoyin.core.live.massage.vertx.Package$Header.<init>(Package.java:181) github.zimoyin.core.live.massage.vertx.Package$Header - 这是一个损耗的包 包实际长度:917, 包头描述包长度:-189866520
[2022-08-02 20:30:38.798] [ERROR] github.zimoyin.core.live.massage.vertx.TcpVerticle.analyzeData(TcpVerticle.java:162) github.zimoyin.core.live.massage.vertx.TcpVerticle - 缓冲区大小可能需要扩大
[2022-08-02 20:30:41.567] [WARN ] github.zimoyin.core.live.massage.vertx.Package$Header.<init>(Package.java:181) github.zimoyin.core.live.massage.vertx.Package$Header - 这是一个损耗的包 包实际长度:1440, 包头描述包长度:1443
[2022-08-02 20:30:41.567] [ERROR]  io.vertx.core.impl.ContextBase - Unhandled exception
java.lang.IndexOutOfBoundsException: 0 + 4 > 3
	at io.vertx.core.buffer.impl.BufferImpl.checkUpperBound(BufferImpl.java:211) ~[vertx-core-4.3.2.jar:4.3.2]
	at io.vertx.core.buffer.impl.BufferImpl.getInt(BufferImpl.java:129) ~[vertx-core-4.3.2.jar:4.3.2]
	at github.zimoyin.core.live.massage.vertx.Package$Header.<init>(Package.java:179) ~[classes/:?]
	at github.zimoyin.core.live.massage.vertx.Package.<init>(Package.java:31) ~[classes/:?]
	at github.zimoyin.core.live.massage.vertx.TcpVerticle.lambda$completeHandle$0(TcpVerticle.java:122) ~[classes/:?]
	at io.vertx.core.net.impl.NetSocketImpl.lambda$new$1(NetSocketImpl.java:98) ~[vertx-core-4.3.2.jar:4.3.2]
	at io.vertx.core.streams.impl.InboundBuffer.handleEvent(InboundBuffer.java:239) ~[vertx-core-4.3.2.jar:4.3.2]
	at io.vertx.core.streams.impl.InboundBuffer.write(InboundBuffer.java:129) ~[vertx-core-4.3.2.jar:4.3.2]
	at io.vertx.core.net.impl.NetSocketImpl$DataMessageHandler.handle(NetSocketImpl.java:418) ~[vertx-core-4.3.2.jar:4.3.2]
	at io.vertx.core.impl.EventLoopContext.emit(EventLoopContext.java:55) ~[vertx-core-4.3.2.jar:4.3.2]
	at io.vertx.core.impl.ContextBase.emit(ContextBase.java:239) ~[vertx-core-4.3.2.jar:4.3.2]
	at io.vertx.core.net.impl.NetSocketImpl.handleMessage(NetSocketImpl.java:394) ~[vertx-core-4.3.2.jar:4.3.2]
	at io.vertx.core.net.impl.ConnectionBase.read(ConnectionBase.java:155) ~[vertx-core-4.3.2.jar:4.3.2]
	at io.vertx.core.net.impl.VertxHandler.channelRead(VertxHandler.java:153) ~[vertx-core-4.3.2.jar:4.3.2]
	at io.netty.channel.AbstractChannelHandlerContext.invokeChannelRead(AbstractChannelHandlerContext.java:379) ~[netty-transport-4.1.78.Final.jar:4.1.78.Final]
	at io.netty.channel.AbstractChannelHandlerContext.invokeChannelRead(AbstractChannelHandlerContext.java:365) ~[netty-transport-4.1.78.Final.jar:4.1.78.Final]
	at io.netty.channel.AbstractChannelHandlerContext.fireChannelRead(AbstractChannelHandlerContext.java:357) ~[netty-transport-4.1.78.Final.jar:4.1.78.Final]
	at io.netty.channel.DefaultChannelPipeline$HeadContext.channelRead(DefaultChannelPipeline.java:1410) ~[netty-transport-4.1.78.Final.jar:4.1.78.Final]
	at io.netty.channel.AbstractChannelHandlerContext.invokeChannelRead(AbstractChannelHandlerContext.java:379) ~[netty-transport-4.1.78.Final.jar:4.1.78.Final]
	at io.netty.channel.AbstractChannelHandlerContext.invokeChannelRead(AbstractChannelHandlerContext.java:365) ~[netty-transport-4.1.78.Final.jar:4.1.78.Final]
	at io.netty.channel.DefaultChannelPipeline.fireChannelRead(DefaultChannelPipeline.java:919) ~[netty-transport-4.1.78.Final.jar:4.1.78.Final]
	at io.netty.channel.nio.AbstractNioByteChannel$NioByteUnsafe.read(AbstractNioByteChannel.java:166) ~[netty-transport-4.1.78.Final.jar:4.1.78.Final]
	at io.netty.channel.nio.NioEventLoop.processSelectedKey(NioEventLoop.java:722) ~[netty-transport-4.1.78.Final.jar:4.1.78.Final]
	at io.netty.channel.nio.NioEventLoop.processSelectedKeysOptimized(NioEventLoop.java:658) ~[netty-transport-4.1.78.Final.jar:4.1.78.Final]
	at io.netty.channel.nio.NioEventLoop.processSelectedKeys(NioEventLoop.java:584) ~[netty-transport-4.1.78.Final.jar:4.1.78.Final]
	at io.netty.channel.nio.NioEventLoop.run(NioEventLoop.java:496) ~[netty-transport-4.1.78.Final.jar:4.1.78.Final]
	at io.netty.util.concurrent.SingleThreadEventExecutor$4.run(SingleThreadEventExecutor.java:997) ~[netty-common-4.1.78.Final.jar:4.1.78.Final]
	at io.netty.util.internal.ThreadExecutorMap$2.run(ThreadExecutorMap.java:74) ~[netty-common-4.1.78.Final.jar:4.1.78.Final]
	at io.netty.util.concurrent.FastThreadLocalRunnable.run(FastThreadLocalRunnable.java:30) ~[netty-common-4.1.78.Final.jar:4.1.78.Final]
	at java.lang.Thread.run(Thread.java:748) ~[?:1.8.0_181]
[2022-08-02 20:30:42.718] [WARN ] github.zimoyin.core.live.massage.vertx.Package$Header.<init>(Package.java:181) github.zimoyin.core.live.massage.vertx.Package$Header - 这是一个损耗的包 包实际长度:1440, 包头描述包长度:2477
[2022-08-02 20:30:42.719] [WARN ] github.zimoyin.core.live.massage.vertx.Package$Header.<init>(Package.java:181) github.zimoyin.core.live.massage.vertx.Package$Header - 这是一个损耗的包 包实际长度:1037, 包头描述包长度:-1927634823
[2022-08-02 20:30:42.719] [ERROR] github.zimoyin.core.live.massage.vertx.TcpVerticle.analyzeData(TcpVerticle.java:162) github.zimoyin.core.live.massage.vertx.TcpVerticle - 缓冲区大小可能需要扩大
[2022-08-02 20:30:43.833] [WARN ] github.zimoyin.core.live.massage.vertx.Package$Header.<init>(Package.java:181) github.zimoyin.core.live.massage.vertx.Package$Header - 这是一个损耗的包 包实际长度:1440, 包头描述包长度:2137
[2022-08-02 20:30:43.833] [WARN ] github.zimoyin.core.live.massage.vertx.Package$Header.<init>(Package.java:181) github.zimoyin.core.live.massage.vertx.Package$Header - 这是一个损耗的包 包实际长度:697, 包头描述包长度:-1908153075
[2022-08-02 20:30:43.834] [ERROR] github.zimoyin.core.live.massage.vertx.TcpVerticle.analyzeData(TcpVerticle.java:162) github.zimoyin.core.live.massage.vertx.TcpVerticle - 缓冲区大小可能需要扩大
[2022-08-02 20:30:46.481] [WARN ] github.zimoyin.core.live.massage.vertx.Package$Header.<init>(Package.java:181) github.zimoyin.core.live.massage.vertx.Package$Header - 这是一个损耗的包 包实际长度:1440, 包头描述包长度:1462
[2022-08-02 20:30:46.482] [WARN ] github.zimoyin.core.live.massage.vertx.Package$Header.<init>(Package.java:181) github.zimoyin.core.live.massage.vertx.Package$Header - 这是一个损耗的包 包实际长度:22, 包头描述包长度:1989891998
[2022-08-02 20:30:51.633] [WARN ] github.zimoyin.core.live.massage.vertx.Package$Header.<init>(Package.java:181) github.zimoyin.core.live.massage.vertx.Package$Header - 这是一个损耗的包 包实际长度:1440, 包头描述包长度:1717
[2022-08-02 20:30:51.634] [WARN ] github.zimoyin.core.live.massage.vertx.Package$Header.<init>(Package.java:181) github.zimoyin.core.live.massage.vertx.Package$Header - 这是一个损耗的包 包实际长度:277, 包头描述包长度:-1871645373
[2022-08-02 20:30:51.634] [ERROR] github.zimoyin.core.live.massage.vertx.TcpVerticle.analyzeData(TcpVerticle.java:162) github.zimoyin.core.live.massage.vertx.TcpVerticle - 缓冲区大小可能需要扩大
[2022-08-02 20:30:53.736] [WARN ] github.zimoyin.core.live.massage.vertx.Package$Header.<init>(Package.java:181) github.zimoyin.core.live.massage.vertx.Package$Header - 这是一个损耗的包 包实际长度:1440, 包头描述包长度:2315
[2022-08-02 20:30:53.737] [WARN ] github.zimoyin.core.live.massage.vertx.Package$Header.<init>(Package.java:181) github.zimoyin.core.live.massage.vertx.Package$Header - 这是一个损耗的包 包实际长度:875, 包头描述包长度:-2055647909
[2022-08-02 20:30:53.737] [ERROR] github.zimoyin.core.live.massage.vertx.TcpVerticle.analyzeData(TcpVerticle.java:162) github.zimoyin.core.live.massage.vertx.TcpVerticle - 缓冲区大小可能需要扩大
[2022-08-02 20:30:55.360] [WARN ] github.zimoyin.core.live.massage.vertx.Package$Header.<init>(Package.java:181) github.zimoyin.core.live.massage.vertx.Package$Header - 这是一个损耗的包 包实际长度:1440, 包头描述包长度:1851
[2022-08-02 20:30:55.360] [WARN ] github.zimoyin.core.live.massage.vertx.Package$Header.<init>(Package.java:181) github.zimoyin.core.live.massage.vertx.Package$Header - 这是一个损耗的包 包实际长度:411, 包头描述包长度:582132512
[2022-08-02 20:30:59.053] [WARN ] github.zimoyin.core.live.massage.vertx.Package$Header.<init>(Package.java:181) github.zimoyin.core.live.massage.vertx.Package$Header - 这是一个损耗的包 包实际长度:1440, 包头描述包长度:1451
[2022-08-02 20:30:59.054] [WARN ] github.zimoyin.core.live.massage.vertx.Package$Header.<init>(Package.java:181) github.zimoyin.core.live.massage.vertx.Package$Header - 这是一个损耗的包 包实际长度:11, 包头描述包长度:-1132526848
[2022-08-02 20:30:59.055] [ERROR]  io.vertx.core.impl.ContextBase - Unhandled exception
java.lang.IllegalArgumentException: end must be greater or equal than start
	at io.vertx.core.impl.Arguments.require(Arguments.java:29) ~[vertx-core-4.3.2.jar:4.3.2]
	at io.vertx.core.buffer.impl.BufferImpl.getBytes(BufferImpl.java:222) ~[vertx-core-4.3.2.jar:4.3.2]
	at io.vertx.core.buffer.impl.BufferImpl.getString(BufferImpl.java:261) ~[vertx-core-4.3.2.jar:4.3.2]
	at github.zimoyin.core.live.massage.vertx.Package$Body.<init>(Package.java:245) ~[classes/:?]
	at github.zimoyin.core.live.massage.vertx.Package.<init>(Package.java:32) ~[classes/:?]
	at github.zimoyin.core.live.massage.vertx.TcpVerticle.lambda$completeHandle$0(TcpVerticle.java:122) ~[classes/:?]
	at io.vertx.core.net.impl.NetSocketImpl.lambda$new$1(NetSocketImpl.java:98) ~[vertx-core-4.3.2.jar:4.3.2]
	at io.vertx.core.streams.impl.InboundBuffer.handleEvent(InboundBuffer.java:239) ~[vertx-core-4.3.2.jar:4.3.2]
	at io.vertx.core.streams.impl.InboundBuffer.write(InboundBuffer.java:129) ~[vertx-core-4.3.2.jar:4.3.2]
	at io.vertx.core.net.impl.NetSocketImpl$DataMessageHandler.handle(NetSocketImpl.java:418) ~[vertx-core-4.3.2.jar:4.3.2]
	at io.vertx.core.impl.EventLoopContext.emit(EventLoopContext.java:55) ~[vertx-core-4.3.2.jar:4.3.2]
	at io.vertx.core.impl.ContextBase.emit(ContextBase.java:239) ~[vertx-core-4.3.2.jar:4.3.2]
	at io.vertx.core.net.impl.NetSocketImpl.handleMessage(NetSocketImpl.java:394) ~[vertx-core-4.3.2.jar:4.3.2]
	at io.vertx.core.net.impl.ConnectionBase.read(ConnectionBase.java:155) ~[vertx-core-4.3.2.jar:4.3.2]
	at io.vertx.core.net.impl.VertxHandler.channelRead(VertxHandler.java:153) ~[vertx-core-4.3.2.jar:4.3.2]
	at io.netty.channel.AbstractChannelHandlerContext.invokeChannelRead(AbstractChannelHandlerContext.java:379) ~[netty-transport-4.1.78.Final.jar:4.1.78.Final]
	at io.netty.channel.AbstractChannelHandlerContext.invokeChannelRead(AbstractChannelHandlerContext.java:365) ~[netty-transport-4.1.78.Final.jar:4.1.78.Final]
	at io.netty.channel.AbstractChannelHandlerContext.fireChannelRead(AbstractChannelHandlerContext.java:357) ~[netty-transport-4.1.78.Final.jar:4.1.78.Final]
	at io.netty.channel.DefaultChannelPipeline$HeadContext.channelRead(DefaultChannelPipeline.java:1410) ~[netty-transport-4.1.78.Final.jar:4.1.78.Final]
	at io.netty.channel.AbstractChannelHandlerContext.invokeChannelRead(AbstractChannelHandlerContext.java:379) ~[netty-transport-4.1.78.Final.jar:4.1.78.Final]
	at io.netty.channel.AbstractChannelHandlerContext.invokeChannelRead(AbstractChannelHandlerContext.java:365) ~[netty-transport-4.1.78.Final.jar:4.1.78.Final]
	at io.netty.channel.DefaultChannelPipeline.fireChannelRead(DefaultChannelPipeline.java:919) ~[netty-transport-4.1.78.Final.jar:4.1.78.Final]
	at io.netty.channel.nio.AbstractNioByteChannel$NioByteUnsafe.read(AbstractNioByteChannel.java:166) ~[netty-transport-4.1.78.Final.jar:4.1.78.Final]
	at io.netty.channel.nio.NioEventLoop.processSelectedKey(NioEventLoop.java:722) ~[netty-transport-4.1.78.Final.jar:4.1.78.Final]
	at io.netty.channel.nio.NioEventLoop.processSelectedKeysOptimized(NioEventLoop.java:658) ~[netty-transport-4.1.78.Final.jar:4.1.78.Final]
	at io.netty.channel.nio.NioEventLoop.processSelectedKeys(NioEventLoop.java:584) ~[netty-transport-4.1.78.Final.jar:4.1.78.Final]
	at io.netty.channel.nio.NioEventLoop.run(NioEventLoop.java:496) ~[netty-transport-4.1.78.Final.jar:4.1.78.Final]
	at io.netty.util.concurrent.SingleThreadEventExecutor$4.run(SingleThreadEventExecutor.java:997) ~[netty-common-4.1.78.Final.jar:4.1.78.Final]
	at io.netty.util.internal.ThreadExecutorMap$2.run(ThreadExecutorMap.java:74) ~[netty-common-4.1.78.Final.jar:4.1.78.Final]
	at io.netty.util.concurrent.FastThreadLocalRunnable.run(FastThreadLocalRunnable.java:30) ~[netty-common-4.1.78.Final.jar:4.1.78.Final]
	at java.lang.Thread.run(Thread.java:748) ~[?:1.8.0_181]
[2022-08-02 20:31:12.894] [WARN ] github.zimoyin.core.live.massage.vertx.Package$Header.<init>(Package.java:181) github.zimoyin.core.live.massage.vertx.Package$Header - 这是一个损耗的包 包实际长度:1440, 包头描述包长度:2382
[2022-08-02 20:31:12.896] [WARN ] github.zimoyin.core.live.massage.vertx.Package$Header.<init>(Package.java:181) github.zimoyin.core.live.massage.vertx.Package$Header - 这是一个损耗的包 包实际长度:942, 包头描述包长度:-583109599
[2022-08-02 20:31:12.896] [ERROR] github.zimoyin.core.live.massage.vertx.TcpVerticle.analyzeData(TcpVerticle.java:162) github.zimoyin.core.live.massage.vertx.TcpVerticle - 缓冲区大小可能需要扩大
[2022-08-02 20:31:14.504] [WARN ] github.zimoyin.core.live.massage.vertx.Package$Header.<init>(Package.java:181) github.zimoyin.core.live.massage.vertx.Package$Header - 这是一个损耗的包 包实际长度:1440, 包头描述包长度:2114
[2022-08-02 20:31:14.504] [WARN ] github.zimoyin.core.live.massage.vertx.Package$Header.<init>(Package.java:181) github.zimoyin.core.live.massage.vertx.Package$Header - 这是一个损耗的包 包实际长度:674, 包头描述包长度:1919509599
[2022-08-02 20:31:15.952] [WARN ] github.zimoyin.core.live.massage.vertx.Package$Header.<init>(Package.java:181) github.zimoyin.core.live.massage.vertx.Package$Header - 这是一个损耗的包 包实际长度:1440, 包头描述包长度:2083
[2022-08-02 20:31:15.953] [WARN ] github.zimoyin.core.live.massage.vertx.Package$Header.<init>(Package.java:181) github.zimoyin.core.live.massage.vertx.Package$Header - 这是一个损耗的包 包实际长度:643, 包头描述包长度:1026645109
[2022-08-02 20:31:17.600] [WARN ] github.zimoyin.core.live.massage.vertx.Package$Header.<init>(Package.java:181) github.zimoyin.core.live.massage.vertx.Package$Header - 这是一个损耗的包 包实际长度:1440, 包头描述包长度:1868
[2022-08-02 20:31:17.600] [WARN ] github.zimoyin.core.live.massage.vertx.Package$Header.<init>(Package.java:181) github.zimoyin.core.live.massage.vertx.Package$Header - 这是一个损耗的包 包实际长度:428, 包头描述包长度:-391507820
[2022-08-02 20:31:17.601] [ERROR] github.zimoyin.core.live.massage.vertx.TcpVerticle.analyzeData(TcpVerticle.java:162) github.zimoyin.core.live.massage.vertx.TcpVerticle - 缓冲区大小可能需要扩大
