[2022-08-02 17:19:19.040] [WARN ]  io.vertx.core.impl.BlockedThreadChecker - Thread Thread[vert.x-eventloop-thread-0,5,main] has been blocked for 2160 ms, time limit is 2000 ms
[2022-08-02 17:19:20.374] [WARN ]  io.vertx.core.impl.BlockedThreadChecker - Thread Thread[vert.x-eventloop-thread-0,5,main] has been blocked for 3430 ms, time limit is 2000 ms
[2022-08-02 17:19:45.957] [WARN ] github.zimoyin.core.live.massage.vertx.Package$Header.<init>(Package.java:181) github.zimoyin.core.live.massage.vertx.Package$Header - 这是一个损耗的包 包实际长度:15510, 包头描述包长度:448
[2022-08-02 17:19:22.373] [WARN ]  io.vertx.core.impl.BlockedThreadChecker - Thread Thread[vert.x-eventloop-thread-0,5,main] has been blocked for 5083 ms, time limit is 2000 ms
io.vertx.core.VertxException: Thread blocked
	at github.zimoyin.core.barrage.data.Barrage.setText(Barrage.java:325) ~[classes/:?]
	at github.zimoyin.core.live.massage.LiveMassageHandle$Massage.DANMU_MSG_Handle(LiveMassageHandle.java:58) ~[classes/:?]
	at github.zimoyin.core.live.massage.LiveMassageHandle$Massage.handle(LiveMassageHandle.java:47) ~[classes/:?]
	at github.zimoyin.core.live.massage.LiveMassageHandle$Massage.init(LiveMassageHandle.java:36) ~[classes/:?]
	at github.zimoyin.core.live.massage.vertx.TcpVerticle.lambda$completeHandle$1(TcpVerticle.java:128) ~[classes/:?]
	at github.zimoyin.core.live.massage.vertx.TcpVerticle$$Lambda$74/2129756689.handle(Unknown Source) ~[?:?]
	at io.vertx.core.net.impl.NetSocketImpl.lambda$new$1(NetSocketImpl.java:98) ~[vertx-core-4.3.2.jar:4.3.2]
	at io.vertx.core.net.impl.NetSocketImpl$$Lambda$69/1202218311.handle(Unknown Source) ~[?:?]
	at io.vertx.core.streams.impl.InboundBuffer.handleEvent(InboundBuffer.java:239) ~[vertx-core-4.3.2.jar:4.3.2]
	at io.vertx.core.streams.impl.InboundBuffer.write(InboundBuffer.java:129) ~[vertx-core-4.3.2.jar:4.3.2]
	at io.vertx.core.net.impl.NetSocketImpl$DataMessageHandler.handle(NetSocketImpl.java:418) ~[vertx-core-4.3.2.jar:4.3.2]
	at io.vertx.core.impl.EventLoopContext.emit(EventLoopContext.java:55) ~[vertx-core-4.3.2.jar:4.3.2]
	at io.vertx.core.impl.ContextBase.emit(ContextBase.java:239) ~[vertx-core-4.3.2.jar:4.3.2]
	at io.vertx.core.net.impl.NetSocketImpl.handleMessage(NetSocketImpl.java:394) ~[vertx-core-4.3.2.jar:4.3.2]
	at io.vertx.core.net.impl.ConnectionBase.read(ConnectionBase.java:155) ~[vertx-core-4.3.2.jar:4.3.2]
	at io.vertx.core.net.impl.VertxHandler.channelRead(VertxHandler.java:153) ~[vertx-core-4.3.2.jar:4.3.2]
	at io.netty.channel.AbstractChannelHandlerContext.invokeChannelRead(AbstractChannelHandlerContext.java:379) ~[netty-transport-4.1.78.Final.jar:4.1.78.Final]
	at io.netty.channel.AbstractChannelHandlerContext.invokeChannelRead(AbstractChannelHandlerContext.java:365) ~[netty-transport-4.1.78.Final.jar:4.1.78.Final]
	at io.netty.channel.AbstractChannelHandlerContext.fireChannelRead(AbstractChannelHandlerContext.java:357) ~[netty-transport-4.1.78.Final.jar:4.1.78.Final]
	at io.netty.channel.DefaultChannelPipeline$HeadContext.channelRead(DefaultChannelPipeline.java:1410) ~[netty-transport-4.1.78.Final.jar:4.1.78.Final]
	at io.netty.channel.AbstractChannelHandlerContext.invokeChannelRead(AbstractChannelHandlerContext.java:379) ~[netty-transport-4.1.78.Final.jar:4.1.78.Final]
	at io.netty.channel.AbstractChannelHandlerContext.invokeChannelRead(AbstractChannelHandlerContext.java:365) ~[netty-transport-4.1.78.Final.jar:4.1.78.Final]
	at io.netty.channel.DefaultChannelPipeline.fireChannelRead(DefaultChannelPipeline.java:919) ~[netty-transport-4.1.78.Final.jar:4.1.78.Final]
	at io.netty.channel.nio.AbstractNioByteChannel$NioByteUnsafe.read(AbstractNioByteChannel.java:166) ~[netty-transport-4.1.78.Final.jar:4.1.78.Final]
	at io.netty.channel.nio.NioEventLoop.processSelectedKey(NioEventLoop.java:722) ~[netty-transport-4.1.78.Final.jar:4.1.78.Final]
	at io.netty.channel.nio.NioEventLoop.processSelectedKeysOptimized(NioEventLoop.java:658) ~[netty-transport-4.1.78.Final.jar:4.1.78.Final]
	at io.netty.channel.nio.NioEventLoop.processSelectedKeys(NioEventLoop.java:584) ~[netty-transport-4.1.78.Final.jar:4.1.78.Final]
	at io.netty.channel.nio.NioEventLoop.run(NioEventLoop.java:496) ~[netty-transport-4.1.78.Final.jar:4.1.78.Final]
	at io.netty.util.concurrent.SingleThreadEventExecutor$4.run(SingleThreadEventExecutor.java:997) ~[netty-common-4.1.78.Final.jar:4.1.78.Final]
	at io.netty.util.internal.ThreadExecutorMap$2.run(ThreadExecutorMap.java:74) ~[netty-common-4.1.78.Final.jar:4.1.78.Final]
	at io.netty.util.concurrent.FastThreadLocalRunnable.run(FastThreadLocalRunnable.java:30) ~[netty-common-4.1.78.Final.jar:4.1.78.Final]
	at java.lang.Thread.run(Thread.java:748) ~[?:1.8.0_181]
